Using pre-set license
Built from '2022.1/staging' branch; Version is '2022.1.7f1 (240f4c1f462c) revision 2363212'; Using compiler version '192829333'; Build Type 'Release'
OS: 'Windows 11  (10.0.22621) 64bit CoreSingleLanguage' Language: 'en' Physical Memory: 16061 MB
BatchMode: 1, IsHumanControllingUs: 0, StartBugReporterOnCrash: 0, Is64bit: 1, IsPro: 1

COMMAND LINE ARGUMENTS:
C:\Program Files\Unity\Hub\Editor\2022.1.7f1\Editor\Unity.exe
-adb2
-batchMode
-noUpm
-name
AssetImportWorker1
-projectPath
C:/Users/volem/Phia sau cau vong prototype
-logFile
Logs/AssetImportWorker1.log
-srvPort
63523
Successfully changed project path to: C:/Users/volem/Phia sau cau vong prototype
C:/Users/volem/Phia sau cau vong prototype
[UnityMemory] Configuration Parameters - Can be set up in boot.config
    "memorysetup-bucket-allocator-granularity=16"
    "memorysetup-bucket-allocator-bucket-count=8"
    "memorysetup-bucket-allocator-block-size=33554432"
    "memorysetup-bucket-allocator-block-count=8"
    "memorysetup-main-allocator-block-size=16777216"
    "memorysetup-thread-allocator-block-size=16777216"
    "memorysetup-gfx-main-allocator-block-size=16777216"
    "memorysetup-gfx-thread-allocator-block-size=16777216"
    "memorysetup-cache-allocator-block-size=4194304"
    "memorysetup-typetree-allocator-block-size=2097152"
    "memorysetup-profiler-bucket-allocator-granularity=16"
    "memorysetup-profiler-bucket-allocator-bucket-count=8"
    "memorysetup-profiler-bucket-allocator-block-size=33554432"
    "memorysetup-profiler-bucket-allocator-block-count=8"
    "memorysetup-profiler-allocator-block-size=16777216"
    "memorysetup-profiler-editor-allocator-block-size=1048576"
    "memorysetup-temp-allocator-size-main=16777216"
    "memorysetup-job-temp-allocator-block-size=2097152"
    "memorysetup-job-temp-allocator-block-size-background=1048576"
    "memorysetup-job-temp-allocator-reduction-small-platforms=262144"
    "memorysetup-temp-allocator-size-background-worker=32768"
    "memorysetup-temp-allocator-size-job-worker=262144"
    "memorysetup-temp-allocator-size-preload-manager=33554432"
    "memorysetup-temp-allocator-size-nav-mesh-worker=65536"
    "memorysetup-temp-allocator-size-audio-worker=65536"
    "memorysetup-temp-allocator-size-cloud-worker=32768"
    "memorysetup-temp-allocator-size-gi-baking-worker=262144"
    "memorysetup-temp-allocator-size-gfx=262144"
Refreshing native plugins compatible for Editor in 222.28 ms, found 4 plugins.
Preloading 0 native plugins for Editor in 0.00 ms.
Initialize engine version: 2022.1.7f1 (240f4c1f462c)
[Subsystems] Discovering subsystems at path C:/Program Files/Unity/Hub/Editor/2022.1.7f1/Editor/Data/Resources/UnitySubsystems
[Subsystems] Discovering subsystems at path C:/Users/volem/Phia sau cau vong prototype/Assets
GfxDevice: creating device client; threaded=0; jobified=0
Direct3D:
    Version:  Direct3D 11.0 [level 11.1]
    Renderer: NVIDIA GeForce RTX 3060 Laptop GPU (ID=0x2520)
    Vendor:   NVIDIA
    VRAM:     6023 MB
    Driver:   30.0.15.1278
Shader 'Custom/RainShader': fallback shader 'Particles/Alpha Blended' not found
Initialize mono
Mono path[0] = 'C:/Program Files/Unity/Hub/Editor/2022.1.7f1/Editor/Data/Managed'
Mono path[1] = 'C:/Program Files/Unity/Hub/Editor/2022.1.7f1/Editor/Data/MonoBleedingEdge/lib/mono/unityjit-win32'
Mono config path = 'C:/Program Files/Unity/Hub/Editor/2022.1.7f1/Editor/Data/MonoBleedingEdge/etc'
Using monoOptions --debugger-agent=transport=dt_socket,embedding=1,server=y,suspend=n,address=127.0.0.1:56728
Begin MonoManager ReloadAssembly
Registering precompiled unity dll's ...
Register platform support module: C:/Program Files/Unity/Hub/Editor/2022.1.7f1/Editor/Data/PlaybackEngines/WindowsStandaloneSupport/UnityEditor.WindowsStandalone.Extensions.dll
Registered in 0.135900 seconds.
Native extension for WindowsStandalone target not found
Refreshing native plugins compatible for Editor in 109.31 ms, found 4 plugins.
Preloading 0 native plugins for Editor in 0.00 ms.
Mono: successfully reloaded assembly
- Completed reload, in  5.167 seconds
Domain Reload Profiling:
	ReloadAssembly (5167ms)
		BeginReloadAssembly (4496ms)
			ExecutionOrderSort (0ms)
			DisableScriptedObjects (0ms)
			BackupInstance (0ms)
			ReleaseScriptingObjects (0ms)
			CreateAndSetChildDomain (1ms)
		EndReloadAssembly (447ms)
			LoadAssemblies (4494ms)
			RebuildTransferFunctionScriptingTraits (0ms)
			SetupTypeCache (95ms)
				TypeCache.Initialize (95ms)
					TypeCache.ScanAssembly (93ms)
				ResolveRequiredComponents (0ms)
			ReleaseScriptCaches (0ms)
			RebuildScriptCaches (26ms)
			SetupLoadedEditorAssemblies (281ms)
				LogAssemblyErrors (0ms)
				InitializePlatformSupportModulesInManaged (6ms)
				SetLoadedEditorAssemblies (7ms)
				RefreshPlugins (109ms)
				BeforeProcessingInitializeOnLoad (1ms)
				ProcessInitializeOnLoadAttributes (114ms)
				ProcessInitializeOnLoadMethodAttributes (43ms)
				AfterProcessingInitializeOnLoad (0ms)
				EditorAssembliesLoaded (0ms)
			ExecutionOrderSort2 (0ms)
			AwakeInstancesAfterBackupRestoration (0ms)
Platform modules already initialized, skipping
Registering precompiled user dll's ...
Registered in 1.594618 seconds.
Begin MonoManager ReloadAssembly
Symbol file LoadedFromMemory doesn't match image C:\Users\volem\Phia sau cau vong prototype\Library\PackageCache\com.unity.visualscripting@1.7.8\Editor\VisualScripting.Core\Dependencies\YamlDotNet\Unity.VisualScripting.YamlDotNet.dll
Symbol file LoadedFromMemory doesn't match image C:\Users\volem\Phia sau cau vong prototype\Library\PackageCache\com.unity.visualscripting@1.7.8\Editor\VisualScripting.Core\Dependencies\DotNetZip\Unity.VisualScripting.IonicZip.dll
OnLevelWasLoaded was found on StaticCanvas
This message has been deprecated and will be removed in a later version of Unity.
Add a delegate to SceneManager.sceneLoaded instead to get notifications after scene loading has completed
OnLevelWasLoaded was found on SettingsManager
This message has been deprecated and will be removed in a later version of Unity.
Add a delegate to SceneManager.sceneLoaded instead to get notifications after scene loading has completed
Native extension for WindowsStandalone target not found
Refreshing native plugins compatible for Editor in 141.18 ms, found 4 plugins.
Preloading 0 native plugins for Editor in 0.00 ms.
Mono: successfully reloaded assembly
- Completed reload, in  1.625 seconds
Domain Reload Profiling:
	ReloadAssembly (1626ms)
		BeginReloadAssembly (121ms)
			ExecutionOrderSort (0ms)
			DisableScriptedObjects (5ms)
			BackupInstance (0ms)
			ReleaseScriptingObjects (0ms)
			CreateAndSetChildDomain (24ms)
		EndReloadAssembly (1385ms)
			LoadAssemblies (159ms)
			RebuildTransferFunctionScriptingTraits (0ms)
			SetupTypeCache (292ms)
				TypeCache.Initialize (281ms)
					TypeCache.ScanAssembly (276ms)
				ResolveRequiredComponents (11ms)
			ReleaseScriptCaches (1ms)
			RebuildScriptCaches (80ms)
			SetupLoadedEditorAssemblies (799ms)
				LogAssemblyErrors (0ms)
				InitializePlatformSupportModulesInManaged (5ms)
				SetLoadedEditorAssemblies (9ms)
				RefreshPlugins (141ms)
				BeforeProcessingInitializeOnLoad (131ms)
				ProcessInitializeOnLoadAttributes (400ms)
				ProcessInitializeOnLoadMethodAttributes (107ms)
				AfterProcessingInitializeOnLoad (5ms)
				EditorAssembliesLoaded (0ms)
			ExecutionOrderSort2 (0ms)
			AwakeInstancesAfterBackupRestoration (7ms)
Platform modules already initialized, skipping
========================================================================
Worker process is ready to serve import requests
Shader 'Custom/RainShader': fallback shader 'Particles/Alpha Blended' not found
Launched and connected shader compiler UnityShaderCompiler.exe after 0.05 seconds
Refreshing native plugins compatible for Editor in 1.70 ms, found 4 plugins.
Preloading 0 native plugins for Editor in 0.00 ms.
Unloading 5558 Unused Serialized files (Serialized files now loaded: 0)
Unloading 44 unused Assets / (0.7 MB). Loaded Objects now: 6014.
Memory consumption went from 0.85 GB to 0.84 GB.
Total: 5.051800 ms (FindLiveObjects: 0.565000 ms CreateObjectMapping: 0.362600 ms MarkObjects: 3.612900 ms  DeleteObjects: 0.510000 ms)

AssetImportParameters requested are different than current active one (requested -> active):
  custom:video-decoder-ogg-theora: a1e56fd34408186e4bbccfd4996cb3dc -> 
  custom:container-muxer-webm: aa71ff27fc2769a1b78a27578f13a17b -> 
  custom:container-demuxer-webm: 4f35f7cbe854078d1ac9338744f61a02 -> 
  custom:video-encoder-webm-vp8: eb34c28f22e8b96e1ab97ce403110664 -> 
  custom:video-codec-MediaFoundation-h265: 746d11721c4dcdbdad8f713fa42b33f4 -> 
  custom:audio-encoder-webm-vorbis: bf7c407c2cedff20999df2af8eb42d56 -> 
  custom:framework-win-MediaFoundation: 216162199b28c13a410421893ffa2e32 -> 
  custom:container-demuxer-ogg: 62fdf1f143b41e24485cea50d1cbac27 -> 
  custom:video-decoder-webm-vp8: 9c59270c3fd7afecdb556c50c9e8de78 -> 
  custom:audio-decoder-ogg-vorbis: bf7c407c2cedff20999df2af8eb42d56 -> 
========================================================================
Received Import Request.
  Time since last request: 129822.772026 seconds.
  path: Assets/Scripts/Manager/Sound
  artifactKey: Guid(3810c99d83cf51e46aa299cabb209607) Importer(815301076,1909f56bfc062723c751e8b465ee728b)
Start importing Assets/Scripts/Manager/Sound using Guid(3810c99d83cf51e46aa299cabb209607) Importer(815301076,1909f56bfc062723c751e8b465ee728b)  -> (artifact id: '9b5c250e6dd5fe30a8e492128576863b') in 0.007893 seconds 
========================================================================
Received Import Request.
  Time since last request: 0.000024 seconds.
  path: Assets/Scripts/Manager/Sound/Sound.cs
  artifactKey: Guid(7ee30a6900bdacd4dad58ee3e449e84d) Importer(815301076,1909f56bfc062723c751e8b465ee728b)
Start importing Assets/Scripts/Manager/Sound/Sound.cs using Guid(7ee30a6900bdacd4dad58ee3e449e84d) Importer(815301076,1909f56bfc062723c751e8b465ee728b)  -> (artifact id: '6ec3ca689f9eea17c34d42267b3796a3') in 0.014583 seconds 
========================================================================
Received Import Request.
  Time since last request: 0.000030 seconds.
  path: Assets/Scripts/Manager
  artifactKey: Guid(40c341f301437684290e029b5d62e5d5) Importer(815301076,1909f56bfc062723c751e8b465ee728b)
Start importing Assets/Scripts/Manager using Guid(40c341f301437684290e029b5d62e5d5) Importer(815301076,1909f56bfc062723c751e8b465ee728b)  -> (artifact id: 'a5577ba3256ba5f63d92f54a6d53ec04') in 0.006852 seconds 
========================================================================
Received Import Request.
  Time since last request: 0.000028 seconds.
  path: Assets/Scripts/DialogueSystem/DialogueBox.cs
  artifactKey: Guid(3db735dc770db054fb9769297920ce66) Importer(815301076,1909f56bfc062723c751e8b465ee728b)
Start importing Assets/Scripts/DialogueSystem/DialogueBox.cs using Guid(3db735dc770db054fb9769297920ce66) Importer(815301076,1909f56bfc062723c751e8b465ee728b)  -> (artifact id: 'bc1854f8df3661079321fe9f20ed68f7') in 0.005914 seconds 
========================================================================
Received Import Request.
  Time since last request: 215.487032 seconds.
  path: Assets/Settings/Renderer2D.asset
  artifactKey: Guid(424799608f7334c24bf367e4bbfa7f9a) Importer(815301076,1909f56bfc062723c751e8b465ee728b)
Start importing Assets/Settings/Renderer2D.asset using Guid(424799608f7334c24bf367e4bbfa7f9a) Importer(815301076,1909f56bfc062723c751e8b465ee728b)  -> (artifact id: 'c7cf251e5f521de29512a68450806eec') in 0.046739 seconds 
========================================================================
Received Import Request.
  Time since last request: 0.000065 seconds.
  path: Assets/Settings/UniversalRP.asset
  artifactKey: Guid(681886c5eb7344803b6206f758bf0b1c) Importer(815301076,1909f56bfc062723c751e8b465ee728b)
Start importing Assets/Settings/UniversalRP.asset using Guid(681886c5eb7344803b6206f758bf0b1c) Importer(815301076,1909f56bfc062723c751e8b465ee728b)  -> (artifact id: 'd8f6670411d7e4e8daa76e3355b63d96') in 0.027506 seconds 
========================================================================
Received Import Request.
  Time since last request: 63667.295180 seconds.
  path: Assets/PostProcessing Profiles/Luts/Autumn2LUT_32.png
  artifactKey: Guid(c4d1430b077741e449353d0ede4a64ba) Importer(815301076,1909f56bfc062723c751e8b465ee728b)
Start importing Assets/PostProcessing Profiles/Luts/Autumn2LUT_32.png using Guid(c4d1430b077741e449353d0ede4a64ba) Importer(815301076,1909f56bfc062723c751e8b465ee728b)  -> (artifact id: 'ef40ecdfc200f12abdc805c91833533c') in 0.523883 seconds 
========================================================================
Received Import Request.
  Time since last request: 0.000118 seconds.
  path: Assets/PostProcessing Profiles/Luts/Coziness2LUT_32.png
  artifactKey: Guid(d6baee6a63dfed241a6b545eb8cde703) Importer(815301076,1909f56bfc062723c751e8b465ee728b)
Start importing Assets/PostProcessing Profiles/Luts/Coziness2LUT_32.png using Guid(d6baee6a63dfed241a6b545eb8cde703) Importer(815301076,1909f56bfc062723c751e8b465ee728b)  -> (artifact id: '4c3c1cce21acfbcb0950c9b13e1d59d6') in 0.022075 seconds 
========================================================================
Received Import Request.
  Time since last request: 0.000052 seconds.
  path: Assets/PostProcessing Profiles/Luts/Movie6LUT_32.png
  artifactKey: Guid(2b10b96cd355d004e8818901fbbb8187) Importer(815301076,1909f56bfc062723c751e8b465ee728b)
Start importing Assets/PostProcessing Profiles/Luts/Movie6LUT_32.png using Guid(2b10b96cd355d004e8818901fbbb8187) Importer(815301076,1909f56bfc062723c751e8b465ee728b)  -> (artifact id: '63a6debd649b2b6c4e1a95f55a2edd3f') in 0.019451 seconds 
========================================================================
Received Import Request.
  Time since last request: 0.000028 seconds.
  path: Assets/PostProcessing Profiles/Luts/IceLUT_32.png
  artifactKey: Guid(0ef320aa6845076468295de80886ed1e) Importer(815301076,1909f56bfc062723c751e8b465ee728b)
Start importing Assets/PostProcessing Profiles/Luts/IceLUT_32.png using Guid(0ef320aa6845076468295de80886ed1e) Importer(815301076,1909f56bfc062723c751e8b465ee728b)  -> (artifact id: '38f3659b32521a31fdc839402d1d6ed8') in 0.022204 seconds 
========================================================================
Received Import Request.
  Time since last request: 0.000031 seconds.
  path: Assets/PostProcessing Profiles/Luts/LomonewLUT_32.png
  artifactKey: Guid(2f08cb72f46a2134b974e39afc2111a5) Importer(815301076,1909f56bfc062723c751e8b465ee728b)
Start importing Assets/PostProcessing Profiles/Luts/LomonewLUT_32.png using Guid(2f08cb72f46a2134b974e39afc2111a5) Importer(815301076,1909f56bfc062723c751e8b465ee728b)  -> (artifact id: 'c17685e80ab22ff9f04d52e2013841c0') in 0.019366 seconds 
========================================================================
Received Import Request.
  Time since last request: 0.000042 seconds.
  path: Assets/PostProcessing Profiles/Luts/Dark2LUT_32.png
  artifactKey: Guid(b2be66e1edb1a584190484224c0f9c66) Importer(815301076,1909f56bfc062723c751e8b465ee728b)
Start importing Assets/PostProcessing Profiles/Luts/Dark2LUT_32.png using Guid(b2be66e1edb1a584190484224c0f9c66) Importer(815301076,1909f56bfc062723c751e8b465ee728b)  -> (artifact id: '97d54834bd4dfa8ce083f62d257f7344') in 0.020850 seconds 
========================================================================
Received Import Request.
  Time since last request: 0.000032 seconds.
  path: Assets/PostProcessing Profiles/Luts/horror_v2_LUT.asset
  artifactKey: Guid(d68f92f63583cb6468d5d7605ee1cdd2) Importer(815301076,1909f56bfc062723c751e8b465ee728b)
Start importing Assets/PostProcessing Profiles/Luts/horror_v2_LUT.asset using Guid(d68f92f63583cb6468d5d7605ee1cdd2) Importer(815301076,1909f56bfc062723c751e8b465ee728b)  -> (artifact id: '256e805a31a4d52afa672f84e252aff3') in 0.162106 seconds 
========================================================================
Received Import Request.
  Time since last request: 0.000043 seconds.
  path: Assets/PostProcessing Profiles/Luts/WesternLUT_32.png
  artifactKey: Guid(b7b3c17d58b414646a424a3e55785fe5) Importer(815301076,1909f56bfc062723c751e8b465ee728b)
Start importing Assets/PostProcessing Profiles/Luts/WesternLUT_32.png using Guid(b7b3c17d58b414646a424a3e55785fe5) Importer(815301076,1909f56bfc062723c751e8b465ee728b)  -> (artifact id: '868455cadbc6c26a1b141d5817dcb312') in 0.017583 seconds 
========================================================================
Received Import Request.
  Time since last request: 0.000044 seconds.
  path: Assets/PostProcessing Profiles/Luts/AutumnLUT_32.png
  artifactKey: Guid(57863826664884e46b1672bd8959eb6b) Importer(815301076,1909f56bfc062723c751e8b465ee728b)
Start importing Assets/PostProcessing Profiles/Luts/AutumnLUT_32.png using Guid(57863826664884e46b1672bd8959eb6b) Importer(815301076,1909f56bfc062723c751e8b465ee728b)  -> (artifact id: '21d075e8a6d157102c24fb88c8ccb768') in 0.022478 seconds 
========================================================================
Received Import Request.
  Time since last request: 0.000040 seconds.
  path: Assets/PostProcessing Profiles/Luts/NeutralLUT_33.png
  artifactKey: Guid(574b1a7c00657ca49b8ec9c70f6414f5) Importer(815301076,1909f56bfc062723c751e8b465ee728b)
Start importing Assets/PostProcessing Profiles/Luts/NeutralLUT_33.png using Guid(574b1a7c00657ca49b8ec9c70f6414f5) Importer(815301076,1909f56bfc062723c751e8b465ee728b)  -> (artifact id: 'dba4062cd5b9d64a8daa4f538618da36') in 0.025964 seconds 
========================================================================
Received Import Request.
  Time since last request: 25.889003 seconds.
  path: Assets/Backgrounds/test1/download.png
  artifactKey: Guid(f0469c628a8e59b49ae1dca0dffd93cd) Importer(815301076,1909f56bfc062723c751e8b465ee728b)
Start importing Assets/Backgrounds/test1/download.png using Guid(f0469c628a8e59b49ae1dca0dffd93cd) Importer(815301076,1909f56bfc062723c751e8b465ee728b)  -> (artifact id: 'd8424c106968a5e7a378770a77d7564a') in 0.119703 seconds 
========================================================================
Received Import Request.
  Time since last request: 50.827912 seconds.
  path: Assets/PostProcessing Profiles/Luts/LomonewLUT_32.png
  artifactKey: Guid(2f08cb72f46a2134b974e39afc2111a5) Importer(815301076,1909f56bfc062723c751e8b465ee728b)
Start importing Assets/PostProcessing Profiles/Luts/LomonewLUT_32.png using Guid(2f08cb72f46a2134b974e39afc2111a5) Importer(815301076,1909f56bfc062723c751e8b465ee728b)  -> (artifact id: 'f8ddffc6f1161341cd1ecafc67a8e181') in 0.040931 seconds 
========================================================================
Received Import Request.
  Time since last request: 0.000041 seconds.
  path: Assets/PostProcessing Profiles/Luts/Movie2LUT_32.png
  artifactKey: Guid(be22ce3f7af51b144abeceeece1ec660) Importer(815301076,1909f56bfc062723c751e8b465ee728b)
Start importing Assets/PostProcessing Profiles/Luts/Movie2LUT_32.png using Guid(be22ce3f7af51b144abeceeece1ec660) Importer(815301076,1909f56bfc062723c751e8b465ee728b)  -> (artifact id: 'ebcb9fcc22b4407d949799864bf1e4ab') in 0.020886 seconds 
========================================================================
Received Import Request.
  Time since last request: 0.000062 seconds.
  path: Assets/PostProcessing Profiles/Luts/Movie3LUT_32.png
  artifactKey: Guid(396f5d4397260ff44a7f2353b8381b10) Importer(815301076,1909f56bfc062723c751e8b465ee728b)
Start importing Assets/PostProcessing Profiles/Luts/Movie3LUT_32.png using Guid(396f5d4397260ff44a7f2353b8381b10) Importer(815301076,1909f56bfc062723c751e8b465ee728b)  -> (artifact id: '7ad4dbbb24ff2945f9c5cab0c44e75f3') in 0.020947 seconds 
========================================================================
Received Import Request.
  Time since last request: 0.000042 seconds.
  path: Assets/PostProcessing Profiles/Luts/NightLUT_32.png
  artifactKey: Guid(4560fceb7d189db43934d683e0ba6743) Importer(815301076,1909f56bfc062723c751e8b465ee728b)
Start importing Assets/PostProcessing Profiles/Luts/NightLUT_32.png using Guid(4560fceb7d189db43934d683e0ba6743) Importer(815301076,1909f56bfc062723c751e8b465ee728b)  -> (artifact id: 'f85a6e3b28bba477bd20664bccc88260') in 0.016482 seconds 
========================================================================
Received Import Request.
  Time since last request: 0.000037 seconds.
  path: Assets/PostProcessing Profiles/Luts/RussianLUT_32.png
  artifactKey: Guid(26babcb5b387f6b438daf67b70fcafff) Importer(815301076,1909f56bfc062723c751e8b465ee728b)
Start importing Assets/PostProcessing Profiles/Luts/RussianLUT_32.png using Guid(26babcb5b387f6b438daf67b70fcafff) Importer(815301076,1909f56bfc062723c751e8b465ee728b)  -> (artifact id: 'b8ac56da1e0ebc5a80944d5f90c86c78') in 0.017977 seconds 
========================================================================
Received Import Request.
  Time since last request: 0.000030 seconds.
  path: Assets/PostProcessing Profiles/Luts/Movie6LUT_32.png
  artifactKey: Guid(2b10b96cd355d004e8818901fbbb8187) Importer(815301076,1909f56bfc062723c751e8b465ee728b)
Start importing Assets/PostProcessing Profiles/Luts/Movie6LUT_32.png using Guid(2b10b96cd355d004e8818901fbbb8187) Importer(815301076,1909f56bfc062723c751e8b465ee728b)  -> (artifact id: 'c3cec931f79ceaba7235c818c11141fa') in 0.018998 seconds 
========================================================================
Received Import Request.
  Time since last request: 0.000032 seconds.
  path: Assets/PostProcessing Profiles/Luts/NeutralLUT.png
  artifactKey: Guid(f908f50288773df45939184509b6ee7a) Importer(815301076,1909f56bfc062723c751e8b465ee728b)
Start importing Assets/PostProcessing Profiles/Luts/NeutralLUT.png using Guid(f908f50288773df45939184509b6ee7a) Importer(815301076,1909f56bfc062723c751e8b465ee728b)  -> (artifact id: '83356df79f7b03ca55c3ba284aac42ec') in 0.017543 seconds 
========================================================================
Received Import Request.
  Time since last request: 0.000038 seconds.
  path: Assets/PostProcessing Profiles/Luts/MovieLUT_32.png
  artifactKey: Guid(c69fcc884b9e70a4f997836a84ac9909) Importer(815301076,1909f56bfc062723c751e8b465ee728b)
Start importing Assets/PostProcessing Profiles/Luts/MovieLUT_32.png using Guid(c69fcc884b9e70a4f997836a84ac9909) Importer(815301076,1909f56bfc062723c751e8b465ee728b)  -> (artifact id: '17dc002af5a0f2b28455f01c7a14dd30') in 0.018239 seconds 
========================================================================
Received Import Request.
  Time since last request: 0.000032 seconds.
  path: Assets/PostProcessing Profiles/Luts/movie4LUT_32.png
  artifactKey: Guid(2b698f1b5f9aa944899012a28b478cae) Importer(815301076,1909f56bfc062723c751e8b465ee728b)
Start importing Assets/PostProcessing Profiles/Luts/movie4LUT_32.png using Guid(2b698f1b5f9aa944899012a28b478cae) Importer(815301076,1909f56bfc062723c751e8b465ee728b)  -> (artifact id: 'f210df1d231faf829e481a5ac2251b6f') in 0.018375 seconds 
========================================================================
Received Import Request.
  Time since last request: 6.533864 seconds.
  path: Assets/PostProcessing Profiles/Luts/Autumn2LUT_32.png
  artifactKey: Guid(c4d1430b077741e449353d0ede4a64ba) Importer(815301076,1909f56bfc062723c751e8b465ee728b)
Start importing Assets/PostProcessing Profiles/Luts/Autumn2LUT_32.png using Guid(c4d1430b077741e449353d0ede4a64ba) Importer(815301076,1909f56bfc062723c751e8b465ee728b)  -> (artifact id: 'e75d092b8c402cf86aa395ed613195bb') in 0.016624 seconds 
========================================================================
Received Import Request.
  Time since last request: 0.000037 seconds.
  path: Assets/PostProcessing Profiles/Luts/Horror2LUT_32.png
  artifactKey: Guid(3ae01bc4fcb67274582f6d61be50ed43) Importer(815301076,1909f56bfc062723c751e8b465ee728b)
Start importing Assets/PostProcessing Profiles/Luts/Horror2LUT_32.png using Guid(3ae01bc4fcb67274582f6d61be50ed43) Importer(815301076,1909f56bfc062723c751e8b465ee728b)  -> (artifact id: 'ef96afa97b1eb4dd7360aa3df4089e9b') in 0.021722 seconds 
========================================================================
Received Import Request.
  Time since last request: 0.000049 seconds.
  path: Assets/PostProcessing Profiles/Luts/DarkLUT_32.png
  artifactKey: Guid(c3c39d20658041944b7980a7a21ec5d6) Importer(815301076,1909f56bfc062723c751e8b465ee728b)
Start importing Assets/PostProcessing Profiles/Luts/DarkLUT_32.png using Guid(c3c39d20658041944b7980a7a21ec5d6) Importer(815301076,1909f56bfc062723c751e8b465ee728b)  -> (artifact id: 'e8118032453b818443d9bd419c5971bf') in 0.018159 seconds 
========================================================================
Received Import Request.
  Time since last request: 0.000032 seconds.
  path: Assets/PostProcessing Profiles/Luts/horror3LUT_32.png
  artifactKey: Guid(2af015f13c3e45b4783402c39e2dbef3) Importer(815301076,1909f56bfc062723c751e8b465ee728b)
Start importing Assets/PostProcessing Profiles/Luts/horror3LUT_32.png using Guid(2af015f13c3e45b4783402c39e2dbef3) Importer(815301076,1909f56bfc062723c751e8b465ee728b)  -> (artifact id: 'e0e5046991594f4414fe9ebc6e09b7d8') in 0.016676 seconds 
========================================================================
Received Import Request.
  Time since last request: 0.000044 seconds.
  path: Assets/PostProcessing Profiles/Luts/AutumnLUT_32.png
  artifactKey: Guid(57863826664884e46b1672bd8959eb6b) Importer(815301076,1909f56bfc062723c751e8b465ee728b)
Start importing Assets/PostProcessing Profiles/Luts/AutumnLUT_32.png using Guid(57863826664884e46b1672bd8959eb6b) Importer(815301076,1909f56bfc062723c751e8b465ee728b)  -> (artifact id: '1b3b40571be5d3db2c04be90d544ffc1') in 0.019505 seconds 
========================================================================
Received Import Request.
  Time since last request: 22.770899 seconds.
  path: Assets/PostProcessing Profiles/Luts/LomonewLUT_32.png
  artifactKey: Guid(2f08cb72f46a2134b974e39afc2111a5) Importer(815301076,1909f56bfc062723c751e8b465ee728b)
Start importing Assets/PostProcessing Profiles/Luts/LomonewLUT_32.png using Guid(2f08cb72f46a2134b974e39afc2111a5) Importer(815301076,1909f56bfc062723c751e8b465ee728b)  -> (artifact id: '6f0e81260cf5009a71c955da750ec148') in 0.023237 seconds 
========================================================================
Received Import Request.
  Time since last request: 0.000057 seconds.
  path: Assets/PostProcessing Profiles/Luts/Movie2LUT_32.png
  artifactKey: Guid(be22ce3f7af51b144abeceeece1ec660) Importer(815301076,1909f56bfc062723c751e8b465ee728b)
Start importing Assets/PostProcessing Profiles/Luts/Movie2LUT_32.png using Guid(be22ce3f7af51b144abeceeece1ec660) Importer(815301076,1909f56bfc062723c751e8b465ee728b)  -> (artifact id: '1878c518ad598d228fb023c1fc444abe') in 0.017752 seconds 
========================================================================
Received Import Request.
  Time since last request: 0.000056 seconds.
  path: Assets/PostProcessing Profiles/Luts/Movie3LUT_32.png
  artifactKey: Guid(396f5d4397260ff44a7f2353b8381b10) Importer(815301076,1909f56bfc062723c751e8b465ee728b)
Start importing Assets/PostProcessing Profiles/Luts/Movie3LUT_32.png using Guid(396f5d4397260ff44a7f2353b8381b10) Importer(815301076,1909f56bfc062723c751e8b465ee728b)  -> (artifact id: 'ef2e9fd17f6b32128916d8e651f5e6e8') in 0.012931 seconds 
========================================================================
Received Import Request.
  Time since last request: 0.000045 seconds.
  path: Assets/PostProcessing Profiles/Luts/NightLUT_32.png
  artifactKey: Guid(4560fceb7d189db43934d683e0ba6743) Importer(815301076,1909f56bfc062723c751e8b465ee728b)
Start importing Assets/PostProcessing Profiles/Luts/NightLUT_32.png using Guid(4560fceb7d189db43934d683e0ba6743) Importer(815301076,1909f56bfc062723c751e8b465ee728b)  -> (artifact id: 'c97ebb9f779673e5336c5e8d759b19a0') in 0.027105 seconds 
========================================================================
Received Import Request.
  Time since last request: 0.000115 seconds.
  path: Assets/PostProcessing Profiles/Luts/Movie5LUT_32.png
  artifactKey: Guid(d45f3b6cef29f384ebfda5356888f0f2) Importer(815301076,1909f56bfc062723c751e8b465ee728b)
Start importing Assets/PostProcessing Profiles/Luts/Movie5LUT_32.png using Guid(d45f3b6cef29f384ebfda5356888f0f2) Importer(815301076,1909f56bfc062723c751e8b465ee728b)  -> (artifact id: 'e40b5cdb2a9fa887f3ebf5169674db2f') in 0.013424 seconds 
========================================================================
Received Import Request.
  Time since last request: 0.000056 seconds.
  path: Assets/PostProcessing Profiles/Luts/vice3LUT_32.png
  artifactKey: Guid(2749147ab15a797468733a4f68688ec9) Importer(815301076,1909f56bfc062723c751e8b465ee728b)
Start importing Assets/PostProcessing Profiles/Luts/vice3LUT_32.png using Guid(2749147ab15a797468733a4f68688ec9) Importer(815301076,1909f56bfc062723c751e8b465ee728b)  -> (artifact id: '818c657b87d5d9fa344a446258edaf23') in 0.015909 seconds 
========================================================================
Received Import Request.
  Time since last request: 0.000064 seconds.
  path: Assets/PostProcessing Profiles/Luts/NeutralLUT_32.png
  artifactKey: Guid(2099cc51c9653b24fae64e278e6131d0) Importer(815301076,1909f56bfc062723c751e8b465ee728b)
Start importing Assets/PostProcessing Profiles/Luts/NeutralLUT_32.png using Guid(2099cc51c9653b24fae64e278e6131d0) Importer(815301076,1909f56bfc062723c751e8b465ee728b)  -> (artifact id: '113ace72dadd6e5e450ca8ba82e71b25') in 0.027541 seconds 
========================================================================
Received Import Request.
  Time since last request: 0.000041 seconds.
  path: Assets/PostProcessing Profiles/Luts/WesternLUT_32.png
  artifactKey: Guid(b7b3c17d58b414646a424a3e55785fe5) Importer(815301076,1909f56bfc062723c751e8b465ee728b)
Start importing Assets/PostProcessing Profiles/Luts/WesternLUT_32.png using Guid(b7b3c17d58b414646a424a3e55785fe5) Importer(815301076,1909f56bfc062723c751e8b465ee728b)  -> (artifact id: '440a34b29571d46431484e7d16eefc7f') in 0.026094 seconds 
========================================================================
Received Import Request.
  Time since last request: 0.000036 seconds.
  path: Assets/PostProcessing Profiles/Luts/NeutralLUT_33.png
  artifactKey: Guid(574b1a7c00657ca49b8ec9c70f6414f5) Importer(815301076,1909f56bfc062723c751e8b465ee728b)
Start importing Assets/PostProcessing Profiles/Luts/NeutralLUT_33.png using Guid(574b1a7c00657ca49b8ec9c70f6414f5) Importer(815301076,1909f56bfc062723c751e8b465ee728b)  -> (artifact id: '98af120539b4db8d373a9c68391a875c') in 0.017722 seconds 
========================================================================
Received Import Request.
  Time since last request: 1.805908 seconds.
  path: Assets/PostProcessing Profiles/Luts/Autumn2LUT_32.png
  artifactKey: Guid(c4d1430b077741e449353d0ede4a64ba) Importer(815301076,1909f56bfc062723c751e8b465ee728b)
Start importing Assets/PostProcessing Profiles/Luts/Autumn2LUT_32.png using Guid(c4d1430b077741e449353d0ede4a64ba) Importer(815301076,1909f56bfc062723c751e8b465ee728b)  -> (artifact id: '1a469963b1e4db980e0e908139413999') in 0.019776 seconds 
========================================================================
Received Import Request.
  Time since last request: 0.000028 seconds.
  path: Assets/PostProcessing Profiles/Luts/Coziness2LUT_32.png
  artifactKey: Guid(d6baee6a63dfed241a6b545eb8cde703) Importer(815301076,1909f56bfc062723c751e8b465ee728b)
Start importing Assets/PostProcessing Profiles/Luts/Coziness2LUT_32.png using Guid(d6baee6a63dfed241a6b545eb8cde703) Importer(815301076,1909f56bfc062723c751e8b465ee728b)  -> (artifact id: '9f66f9fa135ee00181574fb2bf92a20a') in 0.014910 seconds 
========================================================================
Received Import Request.
  Time since last request: 0.000031 seconds.
  path: Assets/PostProcessing Profiles/Luts/Dark2LUT_32.png
  artifactKey: Guid(b2be66e1edb1a584190484224c0f9c66) Importer(815301076,1909f56bfc062723c751e8b465ee728b)
Start importing Assets/PostProcessing Profiles/Luts/Dark2LUT_32.png using Guid(b2be66e1edb1a584190484224c0f9c66) Importer(815301076,1909f56bfc062723c751e8b465ee728b)  -> (artifact id: '29ea44763f0583e42cd84f046843c954') in 0.011645 seconds 
========================================================================
Received Import Request.
  Time since last request: 0.000037 seconds.
  path: Assets/PostProcessing Profiles/Luts/horror3LUT_32.png
  artifactKey: Guid(2af015f13c3e45b4783402c39e2dbef3) Importer(815301076,1909f56bfc062723c751e8b465ee728b)
Start importing Assets/PostProcessing Profiles/Luts/horror3LUT_32.png using Guid(2af015f13c3e45b4783402c39e2dbef3) Importer(815301076,1909f56bfc062723c751e8b465ee728b)  -> (artifact id: '31fa4ebf715bea7eacf4331bac705993') in 0.012223 seconds 
========================================================================
Received Import Request.
  Time since last request: 0.000032 seconds.
  path: Assets/PostProcessing Profiles/Luts/crazyLUT_32.png
  artifactKey: Guid(5c3f8f167e21c05438bf102eeca3bf1c) Importer(815301076,1909f56bfc062723c751e8b465ee728b)
Start importing Assets/PostProcessing Profiles/Luts/crazyLUT_32.png using Guid(5c3f8f167e21c05438bf102eeca3bf1c) Importer(815301076,1909f56bfc062723c751e8b465ee728b)  -> (artifact id: '088b807ecd628a2ce1c6ef2063ca0130') in 0.011942 seconds 
========================================================================
Received Prepare
Switching render pipeline 00000000000000000000000000000000 -> 681886c5eb7344803b6206f758bf0b1c
Shader 'Custom/RainShader': fallback shader 'Particles/Alpha Blended' not found
Refreshing native plugins compatible for Editor in 9.31 ms, found 4 plugins.
Preloading 0 native plugins for Editor in 0.00 ms.
Unloading 81 Unused Serialized files (Serialized files now loaded: 0)
Unloading 31 unused Assets / (0.7 MB). Loaded Objects now: 6083.
Memory consumption went from 128.6 MB to 127.9 MB.
Total: 54.299100 ms (FindLiveObjects: 0.408500 ms CreateObjectMapping: 0.221400 ms MarkObjects: 52.857400 ms  DeleteObjects: 0.810300 ms)

AssetImportParameters requested are different than current active one (requested -> active):
  custom:video-decoder-ogg-theora: a1e56fd34408186e4bbccfd4996cb3dc -> 
  custom:container-muxer-webm: aa71ff27fc2769a1b78a27578f13a17b -> 
  custom:container-demuxer-webm: 4f35f7cbe854078d1ac9338744f61a02 -> 
  custom:video-encoder-webm-vp8: eb34c28f22e8b96e1ab97ce403110664 -> 
  custom:video-codec-MediaFoundation-h265: 746d11721c4dcdbdad8f713fa42b33f4 -> 
  custom:audio-encoder-webm-vorbis: bf7c407c2cedff20999df2af8eb42d56 -> 
  custom:framework-win-MediaFoundation: 216162199b28c13a410421893ffa2e32 -> 
  custom:container-demuxer-ogg: 62fdf1f143b41e24485cea50d1cbac27 -> 
  custom:video-decoder-webm-vp8: 9c59270c3fd7afecdb556c50c9e8de78 -> 
  custom:audio-decoder-ogg-vorbis: bf7c407c2cedff20999df2af8eb42d56 -> 
========================================================================
Received Prepare
Registering precompiled user dll's ...
Registered in 0.009257 seconds.
Begin MonoManager ReloadAssembly
Symbol file LoadedFromMemory doesn't match image C:\Users\volem\Phia sau cau vong prototype\Library\PackageCache\com.unity.visualscripting@1.7.8\Editor\VisualScripting.Core\Dependencies\YamlDotNet\Unity.VisualScripting.YamlDotNet.dll
Symbol file LoadedFromMemory doesn't match image C:\Users\volem\Phia sau cau vong prototype\Library\PackageCache\com.unity.visualscripting@1.7.8\Editor\VisualScripting.Core\Dependencies\DotNetZip\Unity.VisualScripting.IonicZip.dll
Native extension for WindowsStandalone target not found
Refreshing native plugins compatible for Editor in 2.67 ms, found 4 plugins.
Preloading 0 native plugins for Editor in 0.00 ms.
Mono: successfully reloaded assembly
- Completed reload, in  4.137 seconds
Domain Reload Profiling:
	ReloadAssembly (4139ms)
		BeginReloadAssembly (710ms)
			ExecutionOrderSort (0ms)
			DisableScriptedObjects (51ms)
			BackupInstance (0ms)
			ReleaseScriptingObjects (0ms)
			CreateAndSetChildDomain (369ms)
		EndReloadAssembly (2958ms)
			LoadAssemblies (320ms)
			RebuildTransferFunctionScriptingTraits (0ms)
			SetupTypeCache (1426ms)
				TypeCache.Initialize (1409ms)
					TypeCache.ScanAssembly (1387ms)
				ResolveRequiredComponents (17ms)
			ReleaseScriptCaches (4ms)
			RebuildScriptCaches (130ms)
			SetupLoadedEditorAssemblies (956ms)
				LogAssemblyErrors (0ms)
				InitializePlatformSupportModulesInManaged (34ms)
				SetLoadedEditorAssemblies (18ms)
				RefreshPlugins (3ms)
				BeforeProcessingInitializeOnLoad (143ms)
				ProcessInitializeOnLoadAttributes (528ms)
				ProcessInitializeOnLoadMethodAttributes (216ms)
				AfterProcessingInitializeOnLoad (13ms)
				EditorAssembliesLoaded (1ms)
			ExecutionOrderSort2 (0ms)
			AwakeInstancesAfterBackupRestoration (38ms)
Platform modules already initialized, skipping
OnLevelWasLoaded was found on StaticCanvas
This message has been deprecated and will be removed in a later version of Unity.
Add a delegate to SceneManager.sceneLoaded instead to get notifications after scene loading has completed
OnLevelWasLoaded was found on SettingsManager
This message has been deprecated and will be removed in a later version of Unity.
Add a delegate to SceneManager.sceneLoaded instead to get notifications after scene loading has completed
Switching render pipeline 00000000000000000000000000000000 -> 681886c5eb7344803b6206f758bf0b1c
Shader 'Custom/RainShader': fallback shader 'Particles/Alpha Blended' not found
Refreshing native plugins compatible for Editor in 2.74 ms, found 4 plugins.
Preloading 0 native plugins for Editor in 0.00 ms.
Unloading 5488 Unused Serialized files (Serialized files now loaded: 0)
Unloading 28 unused Assets / (319.6 KB). Loaded Objects now: 6111.
Memory consumption went from 0.85 GB to 0.85 GB.
Total: 9.564700 ms (FindLiveObjects: 0.897400 ms CreateObjectMapping: 0.929500 ms MarkObjects: 7.605800 ms  DeleteObjects: 0.129300 ms)

AssetImportParameters requested are different than current active one (requested -> active):
  custom:video-decoder-ogg-theora: a1e56fd34408186e4bbccfd4996cb3dc -> 
  custom:container-muxer-webm: aa71ff27fc2769a1b78a27578f13a17b -> 
  custom:container-demuxer-webm: 4f35f7cbe854078d1ac9338744f61a02 -> 
  custom:video-encoder-webm-vp8: eb34c28f22e8b96e1ab97ce403110664 -> 
  custom:video-codec-MediaFoundation-h265: 746d11721c4dcdbdad8f713fa42b33f4 -> 
  custom:audio-encoder-webm-vorbis: bf7c407c2cedff20999df2af8eb42d56 -> 
  custom:framework-win-MediaFoundation: 216162199b28c13a410421893ffa2e32 -> 
  custom:container-demuxer-ogg: 62fdf1f143b41e24485cea50d1cbac27 -> 
  custom:video-decoder-webm-vp8: 9c59270c3fd7afecdb556c50c9e8de78 -> 
  custom:audio-decoder-ogg-vorbis: bf7c407c2cedff20999df2af8eb42d56 -> 
========================================================================
Received Prepare
Registering precompiled user dll's ...
Registered in 0.014679 seconds.
Begin MonoManager ReloadAssembly
Symbol file LoadedFromMemory doesn't match image C:\Users\volem\Phia sau cau vong prototype\Library\PackageCache\com.unity.visualscripting@1.7.8\Editor\VisualScripting.Core\Dependencies\YamlDotNet\Unity.VisualScripting.YamlDotNet.dll
Symbol file LoadedFromMemory doesn't match image C:\Users\volem\Phia sau cau vong prototype\Library\PackageCache\com.unity.visualscripting@1.7.8\Editor\VisualScripting.Core\Dependencies\DotNetZip\Unity.VisualScripting.IonicZip.dll
Native extension for WindowsStandalone target not found
Refreshing native plugins compatible for Editor in 2.17 ms, found 4 plugins.
Preloading 0 native plugins for Editor in 0.00 ms.
Mono: successfully reloaded assembly
- Completed reload, in  2.452 seconds
Domain Reload Profiling:
	ReloadAssembly (2454ms)
		BeginReloadAssembly (297ms)
			ExecutionOrderSort (0ms)
			DisableScriptedObjects (19ms)
			BackupInstance (0ms)
			ReleaseScriptingObjects (0ms)
			CreateAndSetChildDomain (92ms)
		EndReloadAssembly (2020ms)
			LoadAssemblies (201ms)
			RebuildTransferFunctionScriptingTraits (0ms)
			SetupTypeCache (659ms)
				TypeCache.Initialize (645ms)
					TypeCache.ScanAssembly (633ms)
				ResolveRequiredComponents (14ms)
			ReleaseScriptCaches (5ms)
			RebuildScriptCaches (143ms)
			SetupLoadedEditorAssemblies (914ms)
				LogAssemblyErrors (0ms)
				InitializePlatformSupportModulesInManaged (31ms)
				SetLoadedEditorAssemblies (18ms)
				RefreshPlugins (2ms)
				BeforeProcessingInitializeOnLoad (176ms)
				ProcessInitializeOnLoadAttributes (473ms)
				ProcessInitializeOnLoadMethodAttributes (207ms)
				AfterProcessingInitializeOnLoad (5ms)
				EditorAssembliesLoaded (0ms)
			ExecutionOrderSort2 (0ms)
			AwakeInstancesAfterBackupRestoration (16ms)
Platform modules already initialized, skipping
OnLevelWasLoaded was found on StaticCanvas
This message has been deprecated and will be removed in a later version of Unity.
Add a delegate to SceneManager.sceneLoaded instead to get notifications after scene loading has completed
OnLevelWasLoaded was found on SettingsManager
This message has been deprecated and will be removed in a later version of Unity.
Add a delegate to SceneManager.sceneLoaded instead to get notifications after scene loading has completed
Switching render pipeline 00000000000000000000000000000000 -> 681886c5eb7344803b6206f758bf0b1c
Shader 'Custom/RainShader': fallback shader 'Particles/Alpha Blended' not found
Refreshing native plugins compatible for Editor in 2.57 ms, found 4 plugins.
Preloading 0 native plugins for Editor in 0.00 ms.
Unloading 5477 Unused Serialized files (Serialized files now loaded: 0)
Unloading 28 unused Assets / (317.7 KB). Loaded Objects now: 6115.
Memory consumption went from 0.85 GB to 0.85 GB.
Total: 9.589200 ms (FindLiveObjects: 1.492600 ms CreateObjectMapping: 0.686300 ms MarkObjects: 7.283900 ms  DeleteObjects: 0.124200 ms)

AssetImportParameters requested are different than current active one (requested -> active):
  custom:video-decoder-ogg-theora: a1e56fd34408186e4bbccfd4996cb3dc -> 
  custom:container-muxer-webm: aa71ff27fc2769a1b78a27578f13a17b -> 
  custom:container-demuxer-webm: 4f35f7cbe854078d1ac9338744f61a02 -> 
  custom:video-encoder-webm-vp8: eb34c28f22e8b96e1ab97ce403110664 -> 
  custom:video-codec-MediaFoundation-h265: 746d11721c4dcdbdad8f713fa42b33f4 -> 
  custom:audio-encoder-webm-vorbis: bf7c407c2cedff20999df2af8eb42d56 -> 
  custom:framework-win-MediaFoundation: 216162199b28c13a410421893ffa2e32 -> 
  custom:container-demuxer-ogg: 62fdf1f143b41e24485cea50d1cbac27 -> 
  custom:video-decoder-webm-vp8: 9c59270c3fd7afecdb556c50c9e8de78 -> 
  custom:audio-decoder-ogg-vorbis: bf7c407c2cedff20999df2af8eb42d56 -> 
========================================================================
Received Prepare
Registering precompiled user dll's ...
Registered in 0.007050 seconds.
Begin MonoManager ReloadAssembly
Symbol file LoadedFromMemory doesn't match image C:\Users\volem\Phia sau cau vong prototype\Library\PackageCache\com.unity.visualscripting@1.7.8\Editor\VisualScripting.Core\Dependencies\YamlDotNet\Unity.VisualScripting.YamlDotNet.dll
Symbol file LoadedFromMemory doesn't match image C:\Users\volem\Phia sau cau vong prototype\Library\PackageCache\com.unity.visualscripting@1.7.8\Editor\VisualScripting.Core\Dependencies\DotNetZip\Unity.VisualScripting.IonicZip.dll
Native extension for WindowsStandalone target not found
Refreshing native plugins compatible for Editor in 1.72 ms, found 4 plugins.
Preloading 0 native plugins for Editor in 0.00 ms.
Mono: successfully reloaded assembly
- Completed reload, in  2.124 seconds
Domain Reload Profiling:
	ReloadAssembly (2125ms)
		BeginReloadAssembly (158ms)
			ExecutionOrderSort (0ms)
			DisableScriptedObjects (7ms)
			BackupInstance (0ms)
			ReleaseScriptingObjects (0ms)
			CreateAndSetChildDomain (56ms)
		EndReloadAssembly (1803ms)
			LoadAssemblies (107ms)
			RebuildTransferFunctionScriptingTraits (0ms)
			SetupTypeCache (476ms)
				TypeCache.Initialize (457ms)
					TypeCache.ScanAssembly (445ms)
				ResolveRequiredComponents (20ms)
			ReleaseScriptCaches (4ms)
			RebuildScriptCaches (95ms)
			SetupLoadedEditorAssemblies (938ms)
				LogAssemblyErrors (0ms)
				InitializePlatformSupportModulesInManaged (17ms)
				SetLoadedEditorAssemblies (11ms)
				RefreshPlugins (2ms)
				BeforeProcessingInitializeOnLoad (111ms)
				ProcessInitializeOnLoadAttributes (566ms)
				ProcessInitializeOnLoadMethodAttributes (217ms)
				AfterProcessingInitializeOnLoad (14ms)
				EditorAssembliesLoaded (0ms)
			ExecutionOrderSort2 (0ms)
			AwakeInstancesAfterBackupRestoration (37ms)
Platform modules already initialized, skipping
OnLevelWasLoaded was found on StaticCanvas
This message has been deprecated and will be removed in a later version of Unity.
Add a delegate to SceneManager.sceneLoaded instead to get notifications after scene loading has completed
OnLevelWasLoaded was found on SettingsManager
This message has been deprecated and will be removed in a later version of Unity.
Add a delegate to SceneManager.sceneLoaded instead to get notifications after scene loading has completed
Switching render pipeline 00000000000000000000000000000000 -> 681886c5eb7344803b6206f758bf0b1c
Shader 'Custom/RainShader': fallback shader 'Particles/Alpha Blended' not found
Refreshing native plugins compatible for Editor in 3.70 ms, found 4 plugins.
Preloading 0 native plugins for Editor in 0.00 ms.
Unloading 5477 Unused Serialized files (Serialized files now loaded: 0)
Unloading 28 unused Assets / (317.8 KB). Loaded Objects now: 6119.
Memory consumption went from 0.85 GB to 0.85 GB.
Total: 5.086400 ms (FindLiveObjects: 0.661600 ms CreateObjectMapping: 0.333100 ms MarkObjects: 3.997000 ms  DeleteObjects: 0.093100 ms)

AssetImportParameters requested are different than current active one (requested -> active):
  custom:video-decoder-ogg-theora: a1e56fd34408186e4bbccfd4996cb3dc -> 
  custom:container-muxer-webm: aa71ff27fc2769a1b78a27578f13a17b -> 
  custom:container-demuxer-webm: 4f35f7cbe854078d1ac9338744f61a02 -> 
  custom:video-encoder-webm-vp8: eb34c28f22e8b96e1ab97ce403110664 -> 
  custom:video-codec-MediaFoundation-h265: 746d11721c4dcdbdad8f713fa42b33f4 -> 
  custom:audio-encoder-webm-vorbis: bf7c407c2cedff20999df2af8eb42d56 -> 
  custom:framework-win-MediaFoundation: 216162199b28c13a410421893ffa2e32 -> 
  custom:container-demuxer-ogg: 62fdf1f143b41e24485cea50d1cbac27 -> 
  custom:video-decoder-webm-vp8: 9c59270c3fd7afecdb556c50c9e8de78 -> 
  custom:audio-decoder-ogg-vorbis: bf7c407c2cedff20999df2af8eb42d56 -> 
========================================================================
Received Prepare
Registering precompiled user dll's ...
Registered in 0.005798 seconds.
Begin MonoManager ReloadAssembly
Symbol file LoadedFromMemory doesn't match image C:\Users\volem\Phia sau cau vong prototype\Library\PackageCache\com.unity.visualscripting@1.7.8\Editor\VisualScripting.Core\Dependencies\YamlDotNet\Unity.VisualScripting.YamlDotNet.dll
Symbol file LoadedFromMemory doesn't match image C:\Users\volem\Phia sau cau vong prototype\Library\PackageCache\com.unity.visualscripting@1.7.8\Editor\VisualScripting.Core\Dependencies\DotNetZip\Unity.VisualScripting.IonicZip.dll
Native extension for WindowsStandalone target not found
Refreshing native plugins compatible for Editor in 1.87 ms, found 4 plugins.
Preloading 0 native plugins for Editor in 0.00 ms.
Mono: successfully reloaded assembly
- Completed reload, in  3.176 seconds
Domain Reload Profiling:
	ReloadAssembly (3178ms)
		BeginReloadAssembly (957ms)
			ExecutionOrderSort (0ms)
			DisableScriptedObjects (97ms)
			BackupInstance (0ms)
			ReleaseScriptingObjects (0ms)
			CreateAndSetChildDomain (512ms)
		EndReloadAssembly (1954ms)
			LoadAssemblies (295ms)
			RebuildTransferFunctionScriptingTraits (0ms)
			SetupTypeCache (724ms)
				TypeCache.Initialize (709ms)
					TypeCache.ScanAssembly (690ms)
				ResolveRequiredComponents (15ms)
			ReleaseScriptCaches (3ms)
			RebuildScriptCaches (69ms)
			SetupLoadedEditorAssemblies (748ms)
				LogAssemblyErrors (0ms)
				InitializePlatformSupportModulesInManaged (21ms)
				SetLoadedEditorAssemblies (14ms)
				RefreshPlugins (2ms)
				BeforeProcessingInitializeOnLoad (121ms)
				ProcessInitializeOnLoadAttributes (350ms)
				ProcessInitializeOnLoadMethodAttributes (230ms)
				AfterProcessingInitializeOnLoad (10ms)
				EditorAssembliesLoaded (1ms)
			ExecutionOrderSort2 (0ms)
			AwakeInstancesAfterBackupRestoration (32ms)
Platform modules already initialized, skipping
OnLevelWasLoaded was found on StaticCanvas
This message has been deprecated and will be removed in a later version of Unity.
Add a delegate to SceneManager.sceneLoaded instead to get notifications after scene loading has completed
OnLevelWasLoaded was found on SettingsManager
This message has been deprecated and will be removed in a later version of Unity.
Add a delegate to SceneManager.sceneLoaded instead to get notifications after scene loading has completed
Switching render pipeline 00000000000000000000000000000000 -> 681886c5eb7344803b6206f758bf0b1c
Shader 'Custom/RainShader': fallback shader 'Particles/Alpha Blended' not found
Refreshing native plugins compatible for Editor in 4.60 ms, found 4 plugins.
Preloading 0 native plugins for Editor in 0.00 ms.
Unloading 5477 Unused Serialized files (Serialized files now loaded: 0)
Unloading 28 unused Assets / (317.8 KB). Loaded Objects now: 6123.
Memory consumption went from 0.85 GB to 0.85 GB.
Total: 7.590800 ms (FindLiveObjects: 0.566000 ms CreateObjectMapping: 0.623400 ms MarkObjects: 6.316700 ms  DeleteObjects: 0.083400 ms)

AssetImportParameters requested are different than current active one (requested -> active):
  custom:video-decoder-ogg-theora: a1e56fd34408186e4bbccfd4996cb3dc -> 
  custom:container-muxer-webm: aa71ff27fc2769a1b78a27578f13a17b -> 
  custom:container-demuxer-webm: 4f35f7cbe854078d1ac9338744f61a02 -> 
  custom:video-encoder-webm-vp8: eb34c28f22e8b96e1ab97ce403110664 -> 
  custom:video-codec-MediaFoundation-h265: 746d11721c4dcdbdad8f713fa42b33f4 -> 
  custom:audio-encoder-webm-vorbis: bf7c407c2cedff20999df2af8eb42d56 -> 
  custom:framework-win-MediaFoundation: 216162199b28c13a410421893ffa2e32 -> 
  custom:container-demuxer-ogg: 62fdf1f143b41e24485cea50d1cbac27 -> 
  custom:video-decoder-webm-vp8: 9c59270c3fd7afecdb556c50c9e8de78 -> 
  custom:audio-decoder-ogg-vorbis: bf7c407c2cedff20999df2af8eb42d56 -> 
========================================================================
Received Prepare
Registering precompiled user dll's ...
Registered in 0.013584 seconds.
Begin MonoManager ReloadAssembly
Symbol file LoadedFromMemory doesn't match image C:\Users\volem\Phia sau cau vong prototype\Library\PackageCache\com.unity.visualscripting@1.7.8\Editor\VisualScripting.Core\Dependencies\YamlDotNet\Unity.VisualScripting.YamlDotNet.dll
Symbol file LoadedFromMemory doesn't match image C:\Users\volem\Phia sau cau vong prototype\Library\PackageCache\com.unity.visualscripting@1.7.8\Editor\VisualScripting.Core\Dependencies\DotNetZip\Unity.VisualScripting.IonicZip.dll
Native extension for WindowsStandalone target not found
Refreshing native plugins compatible for Editor in 1.06 ms, found 4 plugins.
Preloading 0 native plugins for Editor in 0.00 ms.
Mono: successfully reloaded assembly
- Completed reload, in  1.184 seconds
Domain Reload Profiling:
	ReloadAssembly (1185ms)
		BeginReloadAssembly (164ms)
			ExecutionOrderSort (0ms)
			DisableScriptedObjects (7ms)
			BackupInstance (0ms)
			ReleaseScriptingObjects (0ms)
			CreateAndSetChildDomain (43ms)
		EndReloadAssembly (938ms)
			LoadAssemblies (160ms)
			RebuildTransferFunctionScriptingTraits (0ms)
			SetupTypeCache (238ms)
				TypeCache.Initialize (222ms)
					TypeCache.ScanAssembly (213ms)
				ResolveRequiredComponents (16ms)
			ReleaseScriptCaches (5ms)
			RebuildScriptCaches (92ms)
			SetupLoadedEditorAssemblies (364ms)
				LogAssemblyErrors (0ms)
				InitializePlatformSupportModulesInManaged (12ms)
				SetLoadedEditorAssemblies (5ms)
				RefreshPlugins (1ms)
				BeforeProcessingInitializeOnLoad (67ms)
				ProcessInitializeOnLoadAttributes (194ms)
				ProcessInitializeOnLoadMethodAttributes (80ms)
				AfterProcessingInitializeOnLoad (4ms)
				EditorAssembliesLoaded (0ms)
			ExecutionOrderSort2 (0ms)
			AwakeInstancesAfterBackupRestoration (12ms)
Platform modules already initialized, skipping
OnLevelWasLoaded was found on StaticCanvas
This message has been deprecated and will be removed in a later version of Unity.
Add a delegate to SceneManager.sceneLoaded instead to get notifications after scene loading has completed
OnLevelWasLoaded was found on SettingsManager
This message has been deprecated and will be removed in a later version of Unity.
Add a delegate to SceneManager.sceneLoaded instead to get notifications after scene loading has completed
Switching render pipeline 00000000000000000000000000000000 -> 681886c5eb7344803b6206f758bf0b1c
Shader 'Custom/RainShader': fallback shader 'Particles/Alpha Blended' not found
Refreshing native plugins compatible for Editor in 4.73 ms, found 4 plugins.
Preloading 0 native plugins for Editor in 0.00 ms.
Unloading 5477 Unused Serialized files (Serialized files now loaded: 0)
Unloading 28 unused Assets / (317.7 KB). Loaded Objects now: 6127.
Memory consumption went from 0.85 GB to 0.85 GB.
Total: 4.419600 ms (FindLiveObjects: 0.418900 ms CreateObjectMapping: 0.306100 ms MarkObjects: 3.622600 ms  DeleteObjects: 0.070400 ms)

AssetImportParameters requested are different than current active one (requested -> active):
  custom:video-decoder-ogg-theora: a1e56fd34408186e4bbccfd4996cb3dc -> 
  custom:container-muxer-webm: aa71ff27fc2769a1b78a27578f13a17b -> 
  custom:container-demuxer-webm: 4f35f7cbe854078d1ac9338744f61a02 -> 
  custom:video-encoder-webm-vp8: eb34c28f22e8b96e1ab97ce403110664 -> 
  custom:video-codec-MediaFoundation-h265: 746d11721c4dcdbdad8f713fa42b33f4 -> 
  custom:audio-encoder-webm-vorbis: bf7c407c2cedff20999df2af8eb42d56 -> 
  custom:framework-win-MediaFoundation: 216162199b28c13a410421893ffa2e32 -> 
  custom:container-demuxer-ogg: 62fdf1f143b41e24485cea50d1cbac27 -> 
  custom:video-decoder-webm-vp8: 9c59270c3fd7afecdb556c50c9e8de78 -> 
  custom:audio-decoder-ogg-vorbis: bf7c407c2cedff20999df2af8eb42d56 -> 
========================================================================
Received Prepare
Registering precompiled user dll's ...
Registered in 0.003838 seconds.
Begin MonoManager ReloadAssembly
Symbol file LoadedFromMemory doesn't match image C:\Users\volem\Phia sau cau vong prototype\Library\PackageCache\com.unity.visualscripting@1.7.8\Editor\VisualScripting.Core\Dependencies\YamlDotNet\Unity.VisualScripting.YamlDotNet.dll
Symbol file LoadedFromMemory doesn't match image C:\Users\volem\Phia sau cau vong prototype\Library\PackageCache\com.unity.visualscripting@1.7.8\Editor\VisualScripting.Core\Dependencies\DotNetZip\Unity.VisualScripting.IonicZip.dll
Native extension for WindowsStandalone target not found
Refreshing native plugins compatible for Editor in 1.47 ms, found 4 plugins.
Preloading 0 native plugins for Editor in 0.00 ms.
Mono: successfully reloaded assembly
- Completed reload, in  1.062 seconds
Domain Reload Profiling:
	ReloadAssembly (1062ms)
		BeginReloadAssembly (119ms)
			ExecutionOrderSort (0ms)
			DisableScriptedObjects (6ms)
			BackupInstance (0ms)
			ReleaseScriptingObjects (0ms)
			CreateAndSetChildDomain (39ms)
		EndReloadAssembly (854ms)
			LoadAssemblies (71ms)
			RebuildTransferFunctionScriptingTraits (0ms)
			SetupTypeCache (241ms)
				TypeCache.Initialize (229ms)
					TypeCache.ScanAssembly (224ms)
				ResolveRequiredComponents (12ms)
			ReleaseScriptCaches (3ms)
			RebuildScriptCaches (53ms)
			SetupLoadedEditorAssemblies (419ms)
				LogAssemblyErrors (0ms)
				InitializePlatformSupportModulesInManaged (11ms)
				SetLoadedEditorAssemblies (6ms)
				RefreshPlugins (2ms)
				BeforeProcessingInitializeOnLoad (78ms)
				ProcessInitializeOnLoadAttributes (233ms)
				ProcessInitializeOnLoadMethodAttributes (83ms)
				AfterProcessingInitializeOnLoad (5ms)
				EditorAssembliesLoaded (0ms)
			ExecutionOrderSort2 (0ms)
			AwakeInstancesAfterBackupRestoration (14ms)
Platform modules already initialized, skipping
OnLevelWasLoaded was found on StaticCanvas
This message has been deprecated and will be removed in a later version of Unity.
Add a delegate to SceneManager.sceneLoaded instead to get notifications after scene loading has completed
OnLevelWasLoaded was found on SettingsManager
This message has been deprecated and will be removed in a later version of Unity.
Add a delegate to SceneManager.sceneLoaded instead to get notifications after scene loading has completed
Switching render pipeline 00000000000000000000000000000000 -> 681886c5eb7344803b6206f758bf0b1c
Shader 'Custom/RainShader': fallback shader 'Particles/Alpha Blended' not found
Refreshing native plugins compatible for Editor in 2.54 ms, found 4 plugins.
Preloading 0 native plugins for Editor in 0.00 ms.
Unloading 5477 Unused Serialized files (Serialized files now loaded: 0)
Unloading 28 unused Assets / (317.8 KB). Loaded Objects now: 6131.
Memory consumption went from 0.85 GB to 0.85 GB.
Total: 3.873800 ms (FindLiveObjects: 0.382400 ms CreateObjectMapping: 0.226600 ms MarkObjects: 3.180600 ms  DeleteObjects: 0.083200 ms)

AssetImportParameters requested are different than current active one (requested -> active):
  custom:video-decoder-ogg-theora: a1e56fd34408186e4bbccfd4996cb3dc -> 
  custom:container-muxer-webm: aa71ff27fc2769a1b78a27578f13a17b -> 
  custom:container-demuxer-webm: 4f35f7cbe854078d1ac9338744f61a02 -> 
  custom:video-encoder-webm-vp8: eb34c28f22e8b96e1ab97ce403110664 -> 
  custom:video-codec-MediaFoundation-h265: 746d11721c4dcdbdad8f713fa42b33f4 -> 
  custom:audio-encoder-webm-vorbis: bf7c407c2cedff20999df2af8eb42d56 -> 
  custom:framework-win-MediaFoundation: 216162199b28c13a410421893ffa2e32 -> 
  custom:container-demuxer-ogg: 62fdf1f143b41e24485cea50d1cbac27 -> 
  custom:video-decoder-webm-vp8: 9c59270c3fd7afecdb556c50c9e8de78 -> 
  custom:audio-decoder-ogg-vorbis: bf7c407c2cedff20999df2af8eb42d56 -> 
========================================================================
Received Prepare
Registering precompiled user dll's ...
Registered in 0.004804 seconds.
Begin MonoManager ReloadAssembly
Symbol file LoadedFromMemory doesn't match image C:\Users\volem\Phia sau cau vong prototype\Library\PackageCache\com.unity.visualscripting@1.7.8\Editor\VisualScripting.Core\Dependencies\YamlDotNet\Unity.VisualScripting.YamlDotNet.dll
Symbol file LoadedFromMemory doesn't match image C:\Users\volem\Phia sau cau vong prototype\Library\PackageCache\com.unity.visualscripting@1.7.8\Editor\VisualScripting.Core\Dependencies\DotNetZip\Unity.VisualScripting.IonicZip.dll
Native extension for WindowsStandalone target not found
Refreshing native plugins compatible for Editor in 2.06 ms, found 4 plugins.
Preloading 0 native plugins for Editor in 0.00 ms.
Mono: successfully reloaded assembly
- Completed reload, in  1.396 seconds
Domain Reload Profiling:
	ReloadAssembly (1397ms)
		BeginReloadAssembly (126ms)
			ExecutionOrderSort (0ms)
			DisableScriptedObjects (5ms)
			BackupInstance (0ms)
			ReleaseScriptingObjects (0ms)
			CreateAndSetChildDomain (42ms)
		EndReloadAssembly (1189ms)
			LoadAssemblies (82ms)
			RebuildTransferFunctionScriptingTraits (0ms)
			SetupTypeCache (411ms)
				TypeCache.Initialize (391ms)
					TypeCache.ScanAssembly (377ms)
				ResolveRequiredComponents (20ms)
			ReleaseScriptCaches (5ms)
			RebuildScriptCaches (92ms)
			SetupLoadedEditorAssemblies (463ms)
				LogAssemblyErrors (0ms)
				InitializePlatformSupportModulesInManaged (21ms)
				SetLoadedEditorAssemblies (10ms)
				RefreshPlugins (2ms)
				BeforeProcessingInitializeOnLoad (83ms)
				ProcessInitializeOnLoadAttributes (246ms)
				ProcessInitializeOnLoadMethodAttributes (96ms)
				AfterProcessingInitializeOnLoad (5ms)
				EditorAssembliesLoaded (0ms)
			ExecutionOrderSort2 (0ms)
			AwakeInstancesAfterBackupRestoration (16ms)
Platform modules already initialized, skipping
OnLevelWasLoaded was found on StaticCanvas
This message has been deprecated and will be removed in a later version of Unity.
Add a delegate to SceneManager.sceneLoaded instead to get notifications after scene loading has completed
OnLevelWasLoaded was found on SettingsManager
This message has been deprecated and will be removed in a later version of Unity.
Add a delegate to SceneManager.sceneLoaded instead to get notifications after scene loading has completed
Switching render pipeline 00000000000000000000000000000000 -> 681886c5eb7344803b6206f758bf0b1c
Shader 'Custom/RainShader': fallback shader 'Particles/Alpha Blended' not found
Refreshing native plugins compatible for Editor in 3.47 ms, found 4 plugins.
Preloading 0 native plugins for Editor in 0.00 ms.
Unloading 5477 Unused Serialized files (Serialized files now loaded: 0)
Unloading 28 unused Assets / (317.8 KB). Loaded Objects now: 6135.
Memory consumption went from 0.85 GB to 0.85 GB.
Total: 4.765300 ms (FindLiveObjects: 0.544900 ms CreateObjectMapping: 0.625600 ms MarkObjects: 3.464600 ms  DeleteObjects: 0.128700 ms)

AssetImportParameters requested are different than current active one (requested -> active):
  custom:video-decoder-ogg-theora: a1e56fd34408186e4bbccfd4996cb3dc -> 
  custom:container-muxer-webm: aa71ff27fc2769a1b78a27578f13a17b -> 
  custom:container-demuxer-webm: 4f35f7cbe854078d1ac9338744f61a02 -> 
  custom:video-encoder-webm-vp8: eb34c28f22e8b96e1ab97ce403110664 -> 
  custom:video-codec-MediaFoundation-h265: 746d11721c4dcdbdad8f713fa42b33f4 -> 
  custom:audio-encoder-webm-vorbis: bf7c407c2cedff20999df2af8eb42d56 -> 
  custom:framework-win-MediaFoundation: 216162199b28c13a410421893ffa2e32 -> 
  custom:container-demuxer-ogg: 62fdf1f143b41e24485cea50d1cbac27 -> 
  custom:video-decoder-webm-vp8: 9c59270c3fd7afecdb556c50c9e8de78 -> 
  custom:audio-decoder-ogg-vorbis: bf7c407c2cedff20999df2af8eb42d56 -> 
========================================================================
Received Prepare
Registering precompiled user dll's ...
Registered in 0.006575 seconds.
Begin MonoManager ReloadAssembly
Symbol file LoadedFromMemory doesn't match image C:\Users\volem\Phia sau cau vong prototype\Library\PackageCache\com.unity.visualscripting@1.7.8\Editor\VisualScripting.Core\Dependencies\YamlDotNet\Unity.VisualScripting.YamlDotNet.dll
Symbol file LoadedFromMemory doesn't match image C:\Users\volem\Phia sau cau vong prototype\Library\PackageCache\com.unity.visualscripting@1.7.8\Editor\VisualScripting.Core\Dependencies\DotNetZip\Unity.VisualScripting.IonicZip.dll
Native extension for WindowsStandalone target not found
Refreshing native plugins compatible for Editor in 1.89 ms, found 4 plugins.
Preloading 0 native plugins for Editor in 0.00 ms.
Mono: successfully reloaded assembly
- Completed reload, in  1.369 seconds
Domain Reload Profiling:
	ReloadAssembly (1370ms)
		BeginReloadAssembly (119ms)
			ExecutionOrderSort (0ms)
			DisableScriptedObjects (7ms)
			BackupInstance (0ms)
			ReleaseScriptingObjects (0ms)
			CreateAndSetChildDomain (41ms)
		EndReloadAssembly (1160ms)
			LoadAssemblies (69ms)
			RebuildTransferFunctionScriptingTraits (0ms)
			SetupTypeCache (306ms)
				TypeCache.Initialize (286ms)
					TypeCache.ScanAssembly (278ms)
				ResolveRequiredComponents (20ms)
			ReleaseScriptCaches (3ms)
			RebuildScriptCaches (95ms)
			SetupLoadedEditorAssemblies (552ms)
				LogAssemblyErrors (0ms)
				InitializePlatformSupportModulesInManaged (15ms)
				SetLoadedEditorAssemblies (8ms)
				RefreshPlugins (2ms)
				BeforeProcessingInitializeOnLoad (110ms)
				ProcessInitializeOnLoadAttributes (299ms)
				ProcessInitializeOnLoadMethodAttributes (113ms)
				AfterProcessingInitializeOnLoad (6ms)
				EditorAssembliesLoaded (0ms)
			ExecutionOrderSort2 (0ms)
			AwakeInstancesAfterBackupRestoration (20ms)
Platform modules already initialized, skipping
OnLevelWasLoaded was found on StaticCanvas
This message has been deprecated and will be removed in a later version of Unity.
Add a delegate to SceneManager.sceneLoaded instead to get notifications after scene loading has completed
OnLevelWasLoaded was found on SettingsManager
This message has been deprecated and will be removed in a later version of Unity.
Add a delegate to SceneManager.sceneLoaded instead to get notifications after scene loading has completed
Switching render pipeline 00000000000000000000000000000000 -> 681886c5eb7344803b6206f758bf0b1c
Shader 'Custom/RainShader': fallback shader 'Particles/Alpha Blended' not found
Refreshing native plugins compatible for Editor in 3.82 ms, found 4 plugins.
Preloading 0 native plugins for Editor in 0.00 ms.
Unloading 5477 Unused Serialized files (Serialized files now loaded: 0)
Unloading 28 unused Assets / (317.8 KB). Loaded Objects now: 6139.
Memory consumption went from 0.85 GB to 0.85 GB.
Total: 4.813800 ms (FindLiveObjects: 0.536600 ms CreateObjectMapping: 0.532000 ms MarkObjects: 3.583000 ms  DeleteObjects: 0.160700 ms)

AssetImportParameters requested are different than current active one (requested -> active):
  custom:video-decoder-ogg-theora: a1e56fd34408186e4bbccfd4996cb3dc -> 
  custom:container-muxer-webm: aa71ff27fc2769a1b78a27578f13a17b -> 
  custom:container-demuxer-webm: 4f35f7cbe854078d1ac9338744f61a02 -> 
  custom:video-encoder-webm-vp8: eb34c28f22e8b96e1ab97ce403110664 -> 
  custom:video-codec-MediaFoundation-h265: 746d11721c4dcdbdad8f713fa42b33f4 -> 
  custom:audio-encoder-webm-vorbis: bf7c407c2cedff20999df2af8eb42d56 -> 
  custom:framework-win-MediaFoundation: 216162199b28c13a410421893ffa2e32 -> 
  custom:container-demuxer-ogg: 62fdf1f143b41e24485cea50d1cbac27 -> 
  custom:video-decoder-webm-vp8: 9c59270c3fd7afecdb556c50c9e8de78 -> 
  custom:audio-decoder-ogg-vorbis: bf7c407c2cedff20999df2af8eb42d56 -> 
