Using pre-set license
Built from '2022.1/staging' branch; Version is '2022.1.7f1 (240f4c1f462c) revision 2363212'; Using compiler version '192829333'; Build Type 'Release'
OS: 'Windows 11  (10.0.22621) 64bit CoreSingleLanguage' Language: 'en' Physical Memory: 16061 MB
BatchMode: 1, IsHumanControllingUs: 0, StartBugReporterOnCrash: 0, Is64bit: 1, IsPro: 1

COMMAND LINE ARGUMENTS:
C:\Program Files\Unity\Hub\Editor\2022.1.7f1\Editor\Unity.exe
-adb2
-batchMode
-noUpm
-name
AssetImportWorker0
-projectPath
C:/Users/volem/Phia sau cau vong prototype
-logFile
Logs/AssetImportWorker0.log
-srvPort
63523
Successfully changed project path to: C:/Users/volem/Phia sau cau vong prototype
C:/Users/volem/Phia sau cau vong prototype
[UnityMemory] Configuration Parameters - Can be set up in boot.config
    "memorysetup-bucket-allocator-granularity=16"
    "memorysetup-bucket-allocator-bucket-count=8"
    "memorysetup-bucket-allocator-block-size=33554432"
    "memorysetup-bucket-allocator-block-count=8"
    "memorysetup-main-allocator-block-size=16777216"
    "memorysetup-thread-allocator-block-size=16777216"
    "memorysetup-gfx-main-allocator-block-size=16777216"
    "memorysetup-gfx-thread-allocator-block-size=16777216"
    "memorysetup-cache-allocator-block-size=4194304"
    "memorysetup-typetree-allocator-block-size=2097152"
    "memorysetup-profiler-bucket-allocator-granularity=16"
    "memorysetup-profiler-bucket-allocator-bucket-count=8"
    "memorysetup-profiler-bucket-allocator-block-size=33554432"
    "memorysetup-profiler-bucket-allocator-block-count=8"
    "memorysetup-profiler-allocator-block-size=16777216"
    "memorysetup-profiler-editor-allocator-block-size=1048576"
    "memorysetup-temp-allocator-size-main=16777216"
    "memorysetup-job-temp-allocator-block-size=2097152"
    "memorysetup-job-temp-allocator-block-size-background=1048576"
    "memorysetup-job-temp-allocator-reduction-small-platforms=262144"
    "memorysetup-temp-allocator-size-background-worker=32768"
    "memorysetup-temp-allocator-size-job-worker=262144"
    "memorysetup-temp-allocator-size-preload-manager=33554432"
    "memorysetup-temp-allocator-size-nav-mesh-worker=65536"
    "memorysetup-temp-allocator-size-audio-worker=65536"
    "memorysetup-temp-allocator-size-cloud-worker=32768"
    "memorysetup-temp-allocator-size-gi-baking-worker=262144"
    "memorysetup-temp-allocator-size-gfx=262144"
Refreshing native plugins compatible for Editor in 222.31 ms, found 4 plugins.
Preloading 0 native plugins for Editor in 0.00 ms.
Initialize engine version: 2022.1.7f1 (240f4c1f462c)
[Subsystems] Discovering subsystems at path C:/Program Files/Unity/Hub/Editor/2022.1.7f1/Editor/Data/Resources/UnitySubsystems
[Subsystems] Discovering subsystems at path C:/Users/volem/Phia sau cau vong prototype/Assets
GfxDevice: creating device client; threaded=0; jobified=0
Direct3D:
    Version:  Direct3D 11.0 [level 11.1]
    Renderer: NVIDIA GeForce RTX 3060 Laptop GPU (ID=0x2520)
    Vendor:   NVIDIA
    VRAM:     6023 MB
    Driver:   30.0.15.1278
Shader 'Custom/RainShader': fallback shader 'Particles/Alpha Blended' not found
Initialize mono
Mono path[0] = 'C:/Program Files/Unity/Hub/Editor/2022.1.7f1/Editor/Data/Managed'
Mono path[1] = 'C:/Program Files/Unity/Hub/Editor/2022.1.7f1/Editor/Data/MonoBleedingEdge/lib/mono/unityjit-win32'
Mono config path = 'C:/Program Files/Unity/Hub/Editor/2022.1.7f1/Editor/Data/MonoBleedingEdge/etc'
Using monoOptions --debugger-agent=transport=dt_socket,embedding=1,server=y,suspend=n,address=127.0.0.1:56044
Begin MonoManager ReloadAssembly
Registering precompiled unity dll's ...
Register platform support module: C:/Program Files/Unity/Hub/Editor/2022.1.7f1/Editor/Data/PlaybackEngines/WindowsStandaloneSupport/UnityEditor.WindowsStandalone.Extensions.dll
Registered in 0.136686 seconds.
Native extension for WindowsStandalone target not found
Refreshing native plugins compatible for Editor in 109.10 ms, found 4 plugins.
Preloading 0 native plugins for Editor in 0.00 ms.
Mono: successfully reloaded assembly
- Completed reload, in  5.167 seconds
Domain Reload Profiling:
	ReloadAssembly (5167ms)
		BeginReloadAssembly (4496ms)
			ExecutionOrderSort (0ms)
			DisableScriptedObjects (0ms)
			BackupInstance (0ms)
			ReleaseScriptingObjects (0ms)
			CreateAndSetChildDomain (1ms)
		EndReloadAssembly (447ms)
			LoadAssemblies (4495ms)
			RebuildTransferFunctionScriptingTraits (0ms)
			SetupTypeCache (95ms)
				TypeCache.Initialize (94ms)
					TypeCache.ScanAssembly (93ms)
				ResolveRequiredComponents (1ms)
			ReleaseScriptCaches (0ms)
			RebuildScriptCaches (26ms)
			SetupLoadedEditorAssemblies (281ms)
				LogAssemblyErrors (0ms)
				InitializePlatformSupportModulesInManaged (6ms)
				SetLoadedEditorAssemblies (7ms)
				RefreshPlugins (109ms)
				BeforeProcessingInitializeOnLoad (1ms)
				ProcessInitializeOnLoadAttributes (114ms)
				ProcessInitializeOnLoadMethodAttributes (44ms)
				AfterProcessingInitializeOnLoad (0ms)
				EditorAssembliesLoaded (0ms)
			ExecutionOrderSort2 (0ms)
			AwakeInstancesAfterBackupRestoration (0ms)
Platform modules already initialized, skipping
Registering precompiled user dll's ...
Registered in 1.594629 seconds.
Begin MonoManager ReloadAssembly
Symbol file LoadedFromMemory doesn't match image C:\Users\volem\Phia sau cau vong prototype\Library\PackageCache\com.unity.visualscripting@1.7.8\Editor\VisualScripting.Core\Dependencies\YamlDotNet\Unity.VisualScripting.YamlDotNet.dll
Symbol file LoadedFromMemory doesn't match image C:\Users\volem\Phia sau cau vong prototype\Library\PackageCache\com.unity.visualscripting@1.7.8\Editor\VisualScripting.Core\Dependencies\DotNetZip\Unity.VisualScripting.IonicZip.dll
OnLevelWasLoaded was found on StaticCanvas
This message has been deprecated and will be removed in a later version of Unity.
Add a delegate to SceneManager.sceneLoaded instead to get notifications after scene loading has completed
OnLevelWasLoaded was found on SettingsManager
This message has been deprecated and will be removed in a later version of Unity.
Add a delegate to SceneManager.sceneLoaded instead to get notifications after scene loading has completed
Native extension for WindowsStandalone target not found
Refreshing native plugins compatible for Editor in 140.93 ms, found 4 plugins.
Preloading 0 native plugins for Editor in 0.00 ms.
Mono: successfully reloaded assembly
- Completed reload, in  1.618 seconds
Domain Reload Profiling:
	ReloadAssembly (1619ms)
		BeginReloadAssembly (118ms)
			ExecutionOrderSort (0ms)
			DisableScriptedObjects (4ms)
			BackupInstance (0ms)
			ReleaseScriptingObjects (0ms)
			CreateAndSetChildDomain (24ms)
		EndReloadAssembly (1384ms)
			LoadAssemblies (168ms)
			RebuildTransferFunctionScriptingTraits (0ms)
			SetupTypeCache (304ms)
				TypeCache.Initialize (284ms)
					TypeCache.ScanAssembly (280ms)
				ResolveRequiredComponents (20ms)
			ReleaseScriptCaches (1ms)
			RebuildScriptCaches (96ms)
			SetupLoadedEditorAssemblies (738ms)
				LogAssemblyErrors (0ms)
				InitializePlatformSupportModulesInManaged (4ms)
				SetLoadedEditorAssemblies (7ms)
				RefreshPlugins (141ms)
				BeforeProcessingInitializeOnLoad (164ms)
				ProcessInitializeOnLoadAttributes (309ms)
				ProcessInitializeOnLoadMethodAttributes (108ms)
				AfterProcessingInitializeOnLoad (5ms)
				EditorAssembliesLoaded (0ms)
			ExecutionOrderSort2 (0ms)
			AwakeInstancesAfterBackupRestoration (7ms)
Platform modules already initialized, skipping
========================================================================
Worker process is ready to serve import requests
Shader 'Custom/RainShader': fallback shader 'Particles/Alpha Blended' not found
Launched and connected shader compiler UnityShaderCompiler.exe after 0.06 seconds
Refreshing native plugins compatible for Editor in 1.83 ms, found 4 plugins.
Preloading 0 native plugins for Editor in 0.00 ms.
Unloading 5558 Unused Serialized files (Serialized files now loaded: 0)
Unloading 44 unused Assets / (0.7 MB). Loaded Objects now: 6014.
Memory consumption went from 0.85 GB to 0.84 GB.
Total: 4.995300 ms (FindLiveObjects: 0.671000 ms CreateObjectMapping: 0.496800 ms MarkObjects: 3.534600 ms  DeleteObjects: 0.290700 ms)

AssetImportParameters requested are different than current active one (requested -> active):
  custom:video-decoder-ogg-theora: a1e56fd34408186e4bbccfd4996cb3dc -> 
  custom:container-muxer-webm: aa71ff27fc2769a1b78a27578f13a17b -> 
  custom:container-demuxer-webm: 4f35f7cbe854078d1ac9338744f61a02 -> 
  custom:video-encoder-webm-vp8: eb34c28f22e8b96e1ab97ce403110664 -> 
  custom:video-codec-MediaFoundation-h265: 746d11721c4dcdbdad8f713fa42b33f4 -> 
  custom:audio-encoder-webm-vorbis: bf7c407c2cedff20999df2af8eb42d56 -> 
  custom:framework-win-MediaFoundation: 216162199b28c13a410421893ffa2e32 -> 
  custom:container-demuxer-ogg: 62fdf1f143b41e24485cea50d1cbac27 -> 
  custom:video-decoder-webm-vp8: 9c59270c3fd7afecdb556c50c9e8de78 -> 
  custom:audio-decoder-ogg-vorbis: bf7c407c2cedff20999df2af8eb42d56 -> 
========================================================================
Received Import Request.
  Time since last request: 129822.771649 seconds.
  path: Assets/Scripts/DialogueSystem/Dialogue.cs
  artifactKey: Guid(7bdabc0ee4d28544690907f9bdef0fea) Importer(815301076,1909f56bfc062723c751e8b465ee728b)
Start importing Assets/Scripts/DialogueSystem/Dialogue.cs using Guid(7bdabc0ee4d28544690907f9bdef0fea) Importer(815301076,1909f56bfc062723c751e8b465ee728b)  -> (artifact id: '16214a9a4cccba17d32e0f13732374e1') in 0.021521 seconds 
========================================================================
Received Import Request.
  Time since last request: 0.000030 seconds.
  path: Assets/Scripts/Manager/PersistentManager.cs
  artifactKey: Guid(3b6ac23e21eff5c48bfac9f0c02c0b05) Importer(815301076,1909f56bfc062723c751e8b465ee728b)
Start importing Assets/Scripts/Manager/PersistentManager.cs using Guid(3b6ac23e21eff5c48bfac9f0c02c0b05) Importer(815301076,1909f56bfc062723c751e8b465ee728b)  -> (artifact id: '535a55c9ed34c6aa6c11e0f64387f173') in 0.006049 seconds 
========================================================================
Received Import Request.
  Time since last request: 0.000056 seconds.
  path: Assets/Scripts/Movement
  artifactKey: Guid(d3a0257d2142f6f4db20e168958a098f) Importer(815301076,1909f56bfc062723c751e8b465ee728b)
Start importing Assets/Scripts/Movement using Guid(d3a0257d2142f6f4db20e168958a098f) Importer(815301076,1909f56bfc062723c751e8b465ee728b)  -> (artifact id: '0e1ed4073befeb44cb166cfa3695080f') in 0.006553 seconds 
========================================================================
Received Import Request.
  Time since last request: 0.485157 seconds.
  path: Assets/Scripts/Manager/Sound/AudioManager.cs
  artifactKey: Guid(f104dbf6c5903b34481dee8339cad7fd) Importer(815301076,1909f56bfc062723c751e8b465ee728b)
Start importing Assets/Scripts/Manager/Sound/AudioManager.cs using Guid(f104dbf6c5903b34481dee8339cad7fd) Importer(815301076,1909f56bfc062723c751e8b465ee728b)  -> (artifact id: '9322c8c0a9db09bd25df9292c5c0215c') in 0.006034 seconds 
========================================================================
Received Import Request.
  Time since last request: 2.942845 seconds.
  path: Assets/Scripts/Manager/BrightnessManager.cs
  artifactKey: Guid(c82082761c0bf534dbb6c9a6ba6188d9) Importer(815301076,1909f56bfc062723c751e8b465ee728b)
Start importing Assets/Scripts/Manager/BrightnessManager.cs using Guid(c82082761c0bf534dbb6c9a6ba6188d9) Importer(815301076,1909f56bfc062723c751e8b465ee728b)  -> (artifact id: '204ee9d4fb96f081970780c03b4f80d2') in 0.005342 seconds 
========================================================================
Received Import Request.
  Time since last request: 0.645021 seconds.
  path: Assets/Scripts/Manager/InputManager.cs
  artifactKey: Guid(ad6afc62497488149a72ac360672ac32) Importer(815301076,1909f56bfc062723c751e8b465ee728b)
Start importing Assets/Scripts/Manager/InputManager.cs using Guid(ad6afc62497488149a72ac360672ac32) Importer(815301076,1909f56bfc062723c751e8b465ee728b)  -> (artifact id: 'd0666044eb74297cf5866685f9b779e9') in 0.005699 seconds 
========================================================================
Received Import Request.
  Time since last request: 3.096624 seconds.
  path: Assets/Scripts/Manager/SavingLoading.cs
  artifactKey: Guid(c4c39315b6737a74d91a117af5d7026b) Importer(815301076,1909f56bfc062723c751e8b465ee728b)
Start importing Assets/Scripts/Manager/SavingLoading.cs using Guid(c4c39315b6737a74d91a117af5d7026b) Importer(815301076,1909f56bfc062723c751e8b465ee728b)  -> (artifact id: '295a1278c46e9522ff36623790c864e6') in 0.006127 seconds 
========================================================================
Received Import Request.
  Time since last request: 0.626657 seconds.
  path: Assets/Scripts/Manager/SettingsManager.cs
  artifactKey: Guid(9137e856139adf2468504258bf72c693) Importer(815301076,1909f56bfc062723c751e8b465ee728b)
Start importing Assets/Scripts/Manager/SettingsManager.cs using Guid(9137e856139adf2468504258bf72c693) Importer(815301076,1909f56bfc062723c751e8b465ee728b)  -> (artifact id: '18506026e5fef9f5d61df036f59fa8c6') in 0.005020 seconds 
========================================================================
Received Import Request.
  Time since last request: 3.446611 seconds.
  path: Assets/Scripts/Manager/TriggerManager.cs
  artifactKey: Guid(777c5ecf0203eee478ee54b79376dc36) Importer(815301076,1909f56bfc062723c751e8b465ee728b)
Start importing Assets/Scripts/Manager/TriggerManager.cs using Guid(777c5ecf0203eee478ee54b79376dc36) Importer(815301076,1909f56bfc062723c751e8b465ee728b)  -> (artifact id: '025ee69f4daadddadff0f6e4a37db8bb') in 0.006833 seconds 
========================================================================
Received Import Request.
  Time since last request: 9.479090 seconds.
  path: Assets/RenderFeatures/RenderFeatureRainbow.asset
  artifactKey: Guid(02c228d28d7df2342af2e407bd761fca) Importer(815301076,1909f56bfc062723c751e8b465ee728b)
Start importing Assets/RenderFeatures/RenderFeatureRainbow.asset using Guid(02c228d28d7df2342af2e407bd761fca) Importer(815301076,1909f56bfc062723c751e8b465ee728b)  -> (artifact id: '3408626547838a7426d86fc842e79629') in 0.062692 seconds 
========================================================================
Received Import Request.
  Time since last request: 13.979784 seconds.
  path: Assets/Scripts/Movement/ParallaxLayer.cs
  artifactKey: Guid(85e203917d786b148b299defb993fbc7) Importer(815301076,1909f56bfc062723c751e8b465ee728b)
Start importing Assets/Scripts/Movement/ParallaxLayer.cs using Guid(85e203917d786b148b299defb993fbc7) Importer(815301076,1909f56bfc062723c751e8b465ee728b)  -> (artifact id: '09267867809be6db00a1968bf6f0a97d') in 0.006025 seconds 
========================================================================
Received Import Request.
  Time since last request: 1.947268 seconds.
  path: Assets/Scripts/Movement/PlayerBoxCollider.cs
  artifactKey: Guid(70392cd9320b4c941b0ab198a89a686d) Importer(815301076,1909f56bfc062723c751e8b465ee728b)
Start importing Assets/Scripts/Movement/PlayerBoxCollider.cs using Guid(70392cd9320b4c941b0ab198a89a686d) Importer(815301076,1909f56bfc062723c751e8b465ee728b)  -> (artifact id: '4b91c7a61a698e17d99f0055a644c2f0') in 0.005548 seconds 
========================================================================
Received Import Request.
  Time since last request: 0.720505 seconds.
  path: Assets/Scripts/Movement/Controller.cs
  artifactKey: Guid(cc2f459a12077e5448987ee719e235aa) Importer(815301076,1909f56bfc062723c751e8b465ee728b)
Start importing Assets/Scripts/Movement/Controller.cs using Guid(cc2f459a12077e5448987ee719e235aa) Importer(815301076,1909f56bfc062723c751e8b465ee728b)  -> (artifact id: '75d01294b60639323d3a0333adef7153') in 0.005685 seconds 
========================================================================
Received Import Request.
  Time since last request: 0.971973 seconds.
  path: Assets/Scripts/Movement/CameraFollow.cs
  artifactKey: Guid(cf735afdc2d209b46aaead896bd6d6dd) Importer(815301076,1909f56bfc062723c751e8b465ee728b)
Start importing Assets/Scripts/Movement/CameraFollow.cs using Guid(cf735afdc2d209b46aaead896bd6d6dd) Importer(815301076,1909f56bfc062723c751e8b465ee728b)  -> (artifact id: 'f33c99b1ed7c91285532e4577332ae22') in 0.005803 seconds 
========================================================================
Received Import Request.
  Time since last request: 176.936045 seconds.
  path: Assets/Settings/Lit2DSceneTemplate.scenetemplate
  artifactKey: Guid(d03ed43fc9d8a4f2e9fa70c1c7916eb9) Importer(815301076,1909f56bfc062723c751e8b465ee728b)
Start importing Assets/Settings/Lit2DSceneTemplate.scenetemplate using Guid(d03ed43fc9d8a4f2e9fa70c1c7916eb9) Importer(815301076,1909f56bfc062723c751e8b465ee728b)  -> (artifact id: '037403cb2dc676c4d8def619c1e58d7e') in 0.176063 seconds 
========================================================================
Received Import Request.
  Time since last request: 9.322162 seconds.
  path: Assets/RainMaker/Readme.txt
  artifactKey: Guid(c604563d03d2cd24da3a25d80881e28c) Importer(815301076,1909f56bfc062723c751e8b465ee728b)
Start importing Assets/RainMaker/Readme.txt using Guid(c604563d03d2cd24da3a25d80881e28c) Importer(815301076,1909f56bfc062723c751e8b465ee728b)  -> (artifact id: '0962aacf862c27897c65ccaa1a70f683') in 0.011245 seconds 
========================================================================
Received Import Request.
  Time since last request: 63624.209085 seconds.
  path: Packages/com.unity.render-pipelines.universal/package.json
  artifactKey: Guid(30648b8d550465f4bb77f1e1afd0b37d) Importer(815301076,1909f56bfc062723c751e8b465ee728b)
Start importing Packages/com.unity.render-pipelines.universal/package.json using Guid(30648b8d550465f4bb77f1e1afd0b37d) Importer(815301076,1909f56bfc062723c751e8b465ee728b)  -> (artifact id: 'c888d2beb2ee8e034f43fa5ae26cb59e') in 0.474137 seconds 
========================================================================
Received Import Request.
  Time since last request: 32.916867 seconds.
  path: Assets/PostProcessing Profiles/Luts/Aqua_LUT_32.png
  artifactKey: Guid(5fb27569bd488d44da91e58c3f09a063) Importer(815301076,1909f56bfc062723c751e8b465ee728b)
Start importing Assets/PostProcessing Profiles/Luts/Aqua_LUT_32.png using Guid(5fb27569bd488d44da91e58c3f09a063) Importer(815301076,1909f56bfc062723c751e8b465ee728b)  -> (artifact id: '24e5529e740fd41cf7fccd55a6c5085f') in 0.184484 seconds 
========================================================================
Received Import Request.
  Time since last request: 0.000037 seconds.
  path: Assets/PostProcessing Profiles/Luts/Horror2LUT_32.png
  artifactKey: Guid(3ae01bc4fcb67274582f6d61be50ed43) Importer(815301076,1909f56bfc062723c751e8b465ee728b)
Start importing Assets/PostProcessing Profiles/Luts/Horror2LUT_32.png using Guid(3ae01bc4fcb67274582f6d61be50ed43) Importer(815301076,1909f56bfc062723c751e8b465ee728b)  -> (artifact id: '7cf6dfccbb90398a70adcdb12590329d') in 0.022740 seconds 
========================================================================
Received Import Request.
  Time since last request: 0.000041 seconds.
  path: Assets/PostProcessing Profiles/Luts/Russian2LUT_32.png
  artifactKey: Guid(9f9764eda1da9af43bcb9726fb962c5b) Importer(815301076,1909f56bfc062723c751e8b465ee728b)
Start importing Assets/PostProcessing Profiles/Luts/Russian2LUT_32.png using Guid(9f9764eda1da9af43bcb9726fb962c5b) Importer(815301076,1909f56bfc062723c751e8b465ee728b)  -> (artifact id: '3afd24201700a0bd232805a54243bd52') in 0.022598 seconds 
========================================================================
Received Import Request.
  Time since last request: 0.000034 seconds.
  path: Assets/PostProcessing Profiles/Luts/ViceLUT_32.png
  artifactKey: Guid(fb7abafb89d678e4e955087a3550a023) Importer(815301076,1909f56bfc062723c751e8b465ee728b)
Start importing Assets/PostProcessing Profiles/Luts/ViceLUT_32.png using Guid(fb7abafb89d678e4e955087a3550a023) Importer(815301076,1909f56bfc062723c751e8b465ee728b)  -> (artifact id: '2a4b84f768d937b895fe117b81fae166') in 0.024277 seconds 
========================================================================
Received Import Request.
  Time since last request: 0.000029 seconds.
  path: Assets/PostProcessing Profiles/Luts/ice_v2_LUT.asset
  artifactKey: Guid(a233d46dd42978045b2e59733579c5a7) Importer(815301076,1909f56bfc062723c751e8b465ee728b)
Start importing Assets/PostProcessing Profiles/Luts/ice_v2_LUT.asset using Guid(a233d46dd42978045b2e59733579c5a7) Importer(815301076,1909f56bfc062723c751e8b465ee728b)  -> (artifact id: '8836e5f50829791caf3e5d695f28fc04') in 0.216883 seconds 
========================================================================
Received Import Request.
  Time since last request: 0.000029 seconds.
  path: Assets/PostProcessing Profiles/Luts/Movie2LUT_32.png
  artifactKey: Guid(be22ce3f7af51b144abeceeece1ec660) Importer(815301076,1909f56bfc062723c751e8b465ee728b)
Start importing Assets/PostProcessing Profiles/Luts/Movie2LUT_32.png using Guid(be22ce3f7af51b144abeceeece1ec660) Importer(815301076,1909f56bfc062723c751e8b465ee728b)  -> (artifact id: 'a1d5b55bdfd68ab1fdccceeab9712243') in 0.022101 seconds 
========================================================================
Received Import Request.
  Time since last request: 0.000039 seconds.
  path: Assets/PostProcessing Profiles/Luts/PurpleLUT_32.png
  artifactKey: Guid(805b63fa736fa1745b7bdd182dfbb3f2) Importer(815301076,1909f56bfc062723c751e8b465ee728b)
Start importing Assets/PostProcessing Profiles/Luts/PurpleLUT_32.png using Guid(805b63fa736fa1745b7bdd182dfbb3f2) Importer(815301076,1909f56bfc062723c751e8b465ee728b)  -> (artifact id: 'c96acdc1d8080b6beb9e556de3505108') in 0.019750 seconds 
========================================================================
Received Import Request.
  Time since last request: 0.000028 seconds.
  path: Assets/PostProcessing Profiles/Luts/Movie3LUT_32.png
  artifactKey: Guid(396f5d4397260ff44a7f2353b8381b10) Importer(815301076,1909f56bfc062723c751e8b465ee728b)
Start importing Assets/PostProcessing Profiles/Luts/Movie3LUT_32.png using Guid(396f5d4397260ff44a7f2353b8381b10) Importer(815301076,1909f56bfc062723c751e8b465ee728b)  -> (artifact id: '99ed91e11d5d2e08dae22a6b345f310d') in 0.018189 seconds 
========================================================================
Received Import Request.
  Time since last request: 0.000027 seconds.
  path: Assets/PostProcessing Profiles/Luts/CozinessLUT_32.png
  artifactKey: Guid(8fffa1992e044ca43a3734cf149ee169) Importer(815301076,1909f56bfc062723c751e8b465ee728b)
Start importing Assets/PostProcessing Profiles/Luts/CozinessLUT_32.png using Guid(8fffa1992e044ca43a3734cf149ee169) Importer(815301076,1909f56bfc062723c751e8b465ee728b)  -> (artifact id: 'f3a566ac7b78522751d74c21a2890515') in 0.018184 seconds 
========================================================================
Received Import Request.
  Time since last request: 0.000025 seconds.
  path: Assets/PostProcessing Profiles/Luts/NightLUT_32.png
  artifactKey: Guid(4560fceb7d189db43934d683e0ba6743) Importer(815301076,1909f56bfc062723c751e8b465ee728b)
Start importing Assets/PostProcessing Profiles/Luts/NightLUT_32.png using Guid(4560fceb7d189db43934d683e0ba6743) Importer(815301076,1909f56bfc062723c751e8b465ee728b)  -> (artifact id: '398f20289aab72603c574524494eb26a') in 0.019126 seconds 
========================================================================
Received Import Request.
  Time since last request: 0.000028 seconds.
  path: Assets/PostProcessing Profiles/Luts/RussianLUT_32.png
  artifactKey: Guid(26babcb5b387f6b438daf67b70fcafff) Importer(815301076,1909f56bfc062723c751e8b465ee728b)
Start importing Assets/PostProcessing Profiles/Luts/RussianLUT_32.png using Guid(26babcb5b387f6b438daf67b70fcafff) Importer(815301076,1909f56bfc062723c751e8b465ee728b)  -> (artifact id: '2e545507cc048e90418effc94cf88968') in 0.020949 seconds 
========================================================================
Received Import Request.
  Time since last request: 0.000027 seconds.
  path: Assets/PostProcessing Profiles/Luts/Movie5LUT_32.png
  artifactKey: Guid(d45f3b6cef29f384ebfda5356888f0f2) Importer(815301076,1909f56bfc062723c751e8b465ee728b)
Start importing Assets/PostProcessing Profiles/Luts/Movie5LUT_32.png using Guid(d45f3b6cef29f384ebfda5356888f0f2) Importer(815301076,1909f56bfc062723c751e8b465ee728b)  -> (artifact id: 'b6650940ed19f80eb63b0087cd01f556') in 0.017760 seconds 
========================================================================
Received Import Request.
  Time since last request: 0.000030 seconds.
  path: Assets/PostProcessing Profiles/Luts/DarkLUT_32.png
  artifactKey: Guid(c3c39d20658041944b7980a7a21ec5d6) Importer(815301076,1909f56bfc062723c751e8b465ee728b)
Start importing Assets/PostProcessing Profiles/Luts/DarkLUT_32.png using Guid(c3c39d20658041944b7980a7a21ec5d6) Importer(815301076,1909f56bfc062723c751e8b465ee728b)  -> (artifact id: 'e05a890871ee157facd48cbf58c302b1') in 0.017934 seconds 
========================================================================
Received Import Request.
  Time since last request: 0.000031 seconds.
  path: Assets/PostProcessing Profiles/Luts/Vice_v2.asset
  artifactKey: Guid(97e69eeb9d8f8fe499abf5d0b537c691) Importer(815301076,1909f56bfc062723c751e8b465ee728b)
Start importing Assets/PostProcessing Profiles/Luts/Vice_v2.asset using Guid(97e69eeb9d8f8fe499abf5d0b537c691) Importer(815301076,1909f56bfc062723c751e8b465ee728b)  -> (artifact id: '1972d232cd2c626b882ea9aa7a3ef2e4') in 0.080070 seconds 
========================================================================
Received Import Request.
  Time since last request: 0.000037 seconds.
  path: Assets/PostProcessing Profiles/Luts/vice3LUT_32.png
  artifactKey: Guid(2749147ab15a797468733a4f68688ec9) Importer(815301076,1909f56bfc062723c751e8b465ee728b)
Start importing Assets/PostProcessing Profiles/Luts/vice3LUT_32.png using Guid(2749147ab15a797468733a4f68688ec9) Importer(815301076,1909f56bfc062723c751e8b465ee728b)  -> (artifact id: 'efdb961e09dd6c48995732bb3b8ad53e') in 0.017252 seconds 
========================================================================
Received Import Request.
  Time since last request: 0.000036 seconds.
  path: Assets/PostProcessing Profiles/Luts/NeutralLUT.png
  artifactKey: Guid(f908f50288773df45939184509b6ee7a) Importer(815301076,1909f56bfc062723c751e8b465ee728b)
Start importing Assets/PostProcessing Profiles/Luts/NeutralLUT.png using Guid(f908f50288773df45939184509b6ee7a) Importer(815301076,1909f56bfc062723c751e8b465ee728b)  -> (artifact id: 'a9c55970c37bbcd7d49df5bf71557cfa') in 0.023963 seconds 
========================================================================
Received Import Request.
  Time since last request: 0.000022 seconds.
  path: Assets/PostProcessing Profiles/Luts/NeutralLUT_32.png
  artifactKey: Guid(2099cc51c9653b24fae64e278e6131d0) Importer(815301076,1909f56bfc062723c751e8b465ee728b)
Start importing Assets/PostProcessing Profiles/Luts/NeutralLUT_32.png using Guid(2099cc51c9653b24fae64e278e6131d0) Importer(815301076,1909f56bfc062723c751e8b465ee728b)  -> (artifact id: '061ef6e3d8b151d381f8cfb61a009e54') in 0.017287 seconds 
========================================================================
Received Import Request.
  Time since last request: 0.000039 seconds.
  path: Assets/PostProcessing Profiles/Luts/MovieLUT_32.png
  artifactKey: Guid(c69fcc884b9e70a4f997836a84ac9909) Importer(815301076,1909f56bfc062723c751e8b465ee728b)
Start importing Assets/PostProcessing Profiles/Luts/MovieLUT_32.png using Guid(c69fcc884b9e70a4f997836a84ac9909) Importer(815301076,1909f56bfc062723c751e8b465ee728b)  -> (artifact id: 'f17666e23462fa5bd3ef16cbe5b3bd38') in 0.020227 seconds 
========================================================================
Received Import Request.
  Time since last request: 0.000033 seconds.
  path: Assets/PostProcessing Profiles/Luts/horror_LUT.png
  artifactKey: Guid(6ece7d54efd9cad44828a82e920d64ae) Importer(815301076,1909f56bfc062723c751e8b465ee728b)
Start importing Assets/PostProcessing Profiles/Luts/horror_LUT.png using Guid(6ece7d54efd9cad44828a82e920d64ae) Importer(815301076,1909f56bfc062723c751e8b465ee728b)  -> (artifact id: '8973970a174bf892a9ef768ef6264d8f') in 0.021250 seconds 
========================================================================
Received Import Request.
  Time since last request: 0.000024 seconds.
  path: Assets/PostProcessing Profiles/Luts/horror3LUT_32.png
  artifactKey: Guid(2af015f13c3e45b4783402c39e2dbef3) Importer(815301076,1909f56bfc062723c751e8b465ee728b)
Start importing Assets/PostProcessing Profiles/Luts/horror3LUT_32.png using Guid(2af015f13c3e45b4783402c39e2dbef3) Importer(815301076,1909f56bfc062723c751e8b465ee728b)  -> (artifact id: 'd9c02807eeab6f9ae5f4d5c7b3d9a652') in 0.019089 seconds 
========================================================================
Received Import Request.
  Time since last request: 0.000035 seconds.
  path: Assets/PostProcessing Profiles/Luts/crazyLUT_32.png
  artifactKey: Guid(5c3f8f167e21c05438bf102eeca3bf1c) Importer(815301076,1909f56bfc062723c751e8b465ee728b)
Start importing Assets/PostProcessing Profiles/Luts/crazyLUT_32.png using Guid(5c3f8f167e21c05438bf102eeca3bf1c) Importer(815301076,1909f56bfc062723c751e8b465ee728b)  -> (artifact id: '46ba92453ac72ec0314ec1f92db11e33') in 0.018922 seconds 
========================================================================
Received Import Request.
  Time since last request: 0.000035 seconds.
  path: Assets/PostProcessing Profiles/Luts/movie4LUT_32.png
  artifactKey: Guid(2b698f1b5f9aa944899012a28b478cae) Importer(815301076,1909f56bfc062723c751e8b465ee728b)
Start importing Assets/PostProcessing Profiles/Luts/movie4LUT_32.png using Guid(2b698f1b5f9aa944899012a28b478cae) Importer(815301076,1909f56bfc062723c751e8b465ee728b)  -> (artifact id: 'd3e5f4cb3812743924a3676f78900c56') in 0.019894 seconds 
========================================================================
Received Import Request.
  Time since last request: 25.897788 seconds.
  path: Assets/RainMaker/Demo/Standard Assets/Environment/TerrainAssets/SurfaceTextures/CliffAlbedoSpecular.psd
  artifactKey: Guid(18214e9d6af6248559d501391856f1c7) Importer(815301076,1909f56bfc062723c751e8b465ee728b)
Start importing Assets/RainMaker/Demo/Standard Assets/Environment/TerrainAssets/SurfaceTextures/CliffAlbedoSpecular.psd using Guid(18214e9d6af6248559d501391856f1c7) Importer(815301076,1909f56bfc062723c751e8b465ee728b)  -> (artifact id: 'e304df7b1b6aff968a3cce06c1750f1f') in 0.049346 seconds 
========================================================================
Received Import Request.
  Time since last request: 0.000038 seconds.
  path: Assets/PostProcessing Profiles/LightFlares/Textures/Flare2.psd
  artifactKey: Guid(1e2b1f2b7891dc7469fa165ba5b2c145) Importer(815301076,1909f56bfc062723c751e8b465ee728b)
Start importing Assets/PostProcessing Profiles/LightFlares/Textures/Flare2.psd using Guid(1e2b1f2b7891dc7469fa165ba5b2c145) Importer(815301076,1909f56bfc062723c751e8b465ee728b)  -> (artifact id: '577d4c8afed721401111e10f8d2ca728') in 0.024452 seconds 
========================================================================
Received Import Request.
  Time since last request: 0.000026 seconds.
  path: Assets/PostProcessing Profiles/LightFlares/Textures/Flare3.png
  artifactKey: Guid(7e6b359167e62ce49a7cf16af64e3987) Importer(815301076,1909f56bfc062723c751e8b465ee728b)
Start importing Assets/PostProcessing Profiles/LightFlares/Textures/Flare3.png using Guid(7e6b359167e62ce49a7cf16af64e3987) Importer(815301076,1909f56bfc062723c751e8b465ee728b)  -> (artifact id: 'baafcd753ec2b4b925ff7ed98790342a') in 0.025392 seconds 
========================================================================
Received Import Request.
  Time since last request: 50.833378 seconds.
  path: Assets/PostProcessing Profiles/Luts/IceLUT_32.png
  artifactKey: Guid(0ef320aa6845076468295de80886ed1e) Importer(815301076,1909f56bfc062723c751e8b465ee728b)
Start importing Assets/PostProcessing Profiles/Luts/IceLUT_32.png using Guid(0ef320aa6845076468295de80886ed1e) Importer(815301076,1909f56bfc062723c751e8b465ee728b)  -> (artifact id: 'cc45965f53519080e81141a9d6272680') in 0.036581 seconds 
========================================================================
Received Import Request.
  Time since last request: 0.000046 seconds.
  path: Assets/PostProcessing Profiles/Luts/Russian2LUT_32.png
  artifactKey: Guid(9f9764eda1da9af43bcb9726fb962c5b) Importer(815301076,1909f56bfc062723c751e8b465ee728b)
Start importing Assets/PostProcessing Profiles/Luts/Russian2LUT_32.png using Guid(9f9764eda1da9af43bcb9726fb962c5b) Importer(815301076,1909f56bfc062723c751e8b465ee728b)  -> (artifact id: '82a79e18570b60e2ac971b11e269d346') in 0.020636 seconds 
========================================================================
Received Import Request.
  Time since last request: 0.000031 seconds.
  path: Assets/PostProcessing Profiles/Luts/PurpleLUT_32.png
  artifactKey: Guid(805b63fa736fa1745b7bdd182dfbb3f2) Importer(815301076,1909f56bfc062723c751e8b465ee728b)
Start importing Assets/PostProcessing Profiles/Luts/PurpleLUT_32.png using Guid(805b63fa736fa1745b7bdd182dfbb3f2) Importer(815301076,1909f56bfc062723c751e8b465ee728b)  -> (artifact id: 'abc0ee65fda5709a3a2e314b11b84753') in 0.020529 seconds 
========================================================================
Received Import Request.
  Time since last request: 0.000037 seconds.
  path: Assets/PostProcessing Profiles/Luts/CozinessLUT_32.png
  artifactKey: Guid(8fffa1992e044ca43a3734cf149ee169) Importer(815301076,1909f56bfc062723c751e8b465ee728b)
Start importing Assets/PostProcessing Profiles/Luts/CozinessLUT_32.png using Guid(8fffa1992e044ca43a3734cf149ee169) Importer(815301076,1909f56bfc062723c751e8b465ee728b)  -> (artifact id: 'def5b074957052c23f992a741c484f6c') in 0.021694 seconds 
========================================================================
Received Import Request.
  Time since last request: 0.000056 seconds.
  path: Assets/PostProcessing Profiles/Luts/Movie5LUT_32.png
  artifactKey: Guid(d45f3b6cef29f384ebfda5356888f0f2) Importer(815301076,1909f56bfc062723c751e8b465ee728b)
Start importing Assets/PostProcessing Profiles/Luts/Movie5LUT_32.png using Guid(d45f3b6cef29f384ebfda5356888f0f2) Importer(815301076,1909f56bfc062723c751e8b465ee728b)  -> (artifact id: '198d75b6dba4d2f91e363167a9a7e056') in 0.016974 seconds 
========================================================================
Received Import Request.
  Time since last request: 0.000036 seconds.
  path: Assets/PostProcessing Profiles/Luts/vice3LUT_32.png
  artifactKey: Guid(2749147ab15a797468733a4f68688ec9) Importer(815301076,1909f56bfc062723c751e8b465ee728b)
Start importing Assets/PostProcessing Profiles/Luts/vice3LUT_32.png using Guid(2749147ab15a797468733a4f68688ec9) Importer(815301076,1909f56bfc062723c751e8b465ee728b)  -> (artifact id: '04839643174a2a5cd525ebe2cb0af598') in 0.016406 seconds 
========================================================================
Received Import Request.
  Time since last request: 0.000028 seconds.
  path: Assets/PostProcessing Profiles/Luts/NeutralLUT_32.png
  artifactKey: Guid(2099cc51c9653b24fae64e278e6131d0) Importer(815301076,1909f56bfc062723c751e8b465ee728b)
Start importing Assets/PostProcessing Profiles/Luts/NeutralLUT_32.png using Guid(2099cc51c9653b24fae64e278e6131d0) Importer(815301076,1909f56bfc062723c751e8b465ee728b)  -> (artifact id: 'd3ef84cfbea4e630070638aeb977e5c4') in 0.018089 seconds 
========================================================================
Received Import Request.
  Time since last request: 0.000039 seconds.
  path: Assets/PostProcessing Profiles/Luts/WesternLUT_32.png
  artifactKey: Guid(b7b3c17d58b414646a424a3e55785fe5) Importer(815301076,1909f56bfc062723c751e8b465ee728b)
Start importing Assets/PostProcessing Profiles/Luts/WesternLUT_32.png using Guid(b7b3c17d58b414646a424a3e55785fe5) Importer(815301076,1909f56bfc062723c751e8b465ee728b)  -> (artifact id: 'c3b9f16bd42c3d36c1ff920c50cda2a8') in 0.018322 seconds 
========================================================================
Received Import Request.
  Time since last request: 0.000159 seconds.
  path: Assets/PostProcessing Profiles/Luts/ViceLUT_32.png
  artifactKey: Guid(fb7abafb89d678e4e955087a3550a023) Importer(815301076,1909f56bfc062723c751e8b465ee728b)
Start importing Assets/PostProcessing Profiles/Luts/ViceLUT_32.png using Guid(fb7abafb89d678e4e955087a3550a023) Importer(815301076,1909f56bfc062723c751e8b465ee728b)  -> (artifact id: '30780c608f62f31ea3d31e0606e9fed0') in 0.017290 seconds 
========================================================================
Received Import Request.
  Time since last request: 0.000029 seconds.
  path: Assets/PostProcessing Profiles/Luts/NeutralLUT_33.png
  artifactKey: Guid(574b1a7c00657ca49b8ec9c70f6414f5) Importer(815301076,1909f56bfc062723c751e8b465ee728b)
Start importing Assets/PostProcessing Profiles/Luts/NeutralLUT_33.png using Guid(574b1a7c00657ca49b8ec9c70f6414f5) Importer(815301076,1909f56bfc062723c751e8b465ee728b)  -> (artifact id: '5dcf00124b13571265bbc37438a3469c') in 0.013922 seconds 
========================================================================
Received Import Request.
  Time since last request: 6.510118 seconds.
  path: Assets/PostProcessing Profiles/Luts/Aqua_LUT_32.png
  artifactKey: Guid(5fb27569bd488d44da91e58c3f09a063) Importer(815301076,1909f56bfc062723c751e8b465ee728b)
Start importing Assets/PostProcessing Profiles/Luts/Aqua_LUT_32.png using Guid(5fb27569bd488d44da91e58c3f09a063) Importer(815301076,1909f56bfc062723c751e8b465ee728b)  -> (artifact id: '6ac726d45fa5e0b2d6c035335738cd05') in 0.022826 seconds 
========================================================================
Received Import Request.
  Time since last request: 0.000036 seconds.
  path: Assets/PostProcessing Profiles/Luts/Coziness2LUT_32.png
  artifactKey: Guid(d6baee6a63dfed241a6b545eb8cde703) Importer(815301076,1909f56bfc062723c751e8b465ee728b)
Start importing Assets/PostProcessing Profiles/Luts/Coziness2LUT_32.png using Guid(d6baee6a63dfed241a6b545eb8cde703) Importer(815301076,1909f56bfc062723c751e8b465ee728b)  -> (artifact id: '06f15408e2016d3c9c6ba791f94720e9') in 0.021057 seconds 
========================================================================
Received Import Request.
  Time since last request: 0.000039 seconds.
  path: Assets/PostProcessing Profiles/Luts/Dark2LUT_32.png
  artifactKey: Guid(b2be66e1edb1a584190484224c0f9c66) Importer(815301076,1909f56bfc062723c751e8b465ee728b)
Start importing Assets/PostProcessing Profiles/Luts/Dark2LUT_32.png using Guid(b2be66e1edb1a584190484224c0f9c66) Importer(815301076,1909f56bfc062723c751e8b465ee728b)  -> (artifact id: '710f203ac01c5455782ac73911764707') in 0.016524 seconds 
========================================================================
Received Import Request.
  Time since last request: 0.000038 seconds.
  path: Assets/PostProcessing Profiles/Luts/horror_LUT.png
  artifactKey: Guid(6ece7d54efd9cad44828a82e920d64ae) Importer(815301076,1909f56bfc062723c751e8b465ee728b)
Start importing Assets/PostProcessing Profiles/Luts/horror_LUT.png using Guid(6ece7d54efd9cad44828a82e920d64ae) Importer(815301076,1909f56bfc062723c751e8b465ee728b)  -> (artifact id: '93f0503f64460967551082e968c4d4f5') in 0.012473 seconds 
========================================================================
Received Import Request.
  Time since last request: 0.000026 seconds.
  path: Assets/PostProcessing Profiles/Luts/crazyLUT_32.png
  artifactKey: Guid(5c3f8f167e21c05438bf102eeca3bf1c) Importer(815301076,1909f56bfc062723c751e8b465ee728b)
Start importing Assets/PostProcessing Profiles/Luts/crazyLUT_32.png using Guid(5c3f8f167e21c05438bf102eeca3bf1c) Importer(815301076,1909f56bfc062723c751e8b465ee728b)  -> (artifact id: 'c7abb59035e6bc0707f846869166e864') in 0.015004 seconds 
========================================================================
Received Import Request.
  Time since last request: 22.780754 seconds.
  path: Assets/PostProcessing Profiles/Luts/IceLUT_32.png
  artifactKey: Guid(0ef320aa6845076468295de80886ed1e) Importer(815301076,1909f56bfc062723c751e8b465ee728b)
Start importing Assets/PostProcessing Profiles/Luts/IceLUT_32.png using Guid(0ef320aa6845076468295de80886ed1e) Importer(815301076,1909f56bfc062723c751e8b465ee728b)  -> (artifact id: 'e5e4b87a2e265e09ffc487f766f9922a') in 0.017321 seconds 
========================================================================
Received Import Request.
  Time since last request: 0.000066 seconds.
  path: Assets/PostProcessing Profiles/Luts/Russian2LUT_32.png
  artifactKey: Guid(9f9764eda1da9af43bcb9726fb962c5b) Importer(815301076,1909f56bfc062723c751e8b465ee728b)
Start importing Assets/PostProcessing Profiles/Luts/Russian2LUT_32.png using Guid(9f9764eda1da9af43bcb9726fb962c5b) Importer(815301076,1909f56bfc062723c751e8b465ee728b)  -> (artifact id: 'a3673f6775c0f5b2317966e53643ca3b') in 0.017410 seconds 
========================================================================
Received Import Request.
  Time since last request: 0.000044 seconds.
  path: Assets/PostProcessing Profiles/Luts/PurpleLUT_32.png
  artifactKey: Guid(805b63fa736fa1745b7bdd182dfbb3f2) Importer(815301076,1909f56bfc062723c751e8b465ee728b)
Start importing Assets/PostProcessing Profiles/Luts/PurpleLUT_32.png using Guid(805b63fa736fa1745b7bdd182dfbb3f2) Importer(815301076,1909f56bfc062723c751e8b465ee728b)  -> (artifact id: '441e6a0024621c989fc394ad0aa216e7') in 0.011667 seconds 
========================================================================
Received Import Request.
  Time since last request: 0.000041 seconds.
  path: Assets/PostProcessing Profiles/Luts/CozinessLUT_32.png
  artifactKey: Guid(8fffa1992e044ca43a3734cf149ee169) Importer(815301076,1909f56bfc062723c751e8b465ee728b)
Start importing Assets/PostProcessing Profiles/Luts/CozinessLUT_32.png using Guid(8fffa1992e044ca43a3734cf149ee169) Importer(815301076,1909f56bfc062723c751e8b465ee728b)  -> (artifact id: '23dc52d60f13018a38548dc6979a21e6') in 0.014309 seconds 
========================================================================
Received Import Request.
  Time since last request: 0.000064 seconds.
  path: Assets/PostProcessing Profiles/Luts/RussianLUT_32.png
  artifactKey: Guid(26babcb5b387f6b438daf67b70fcafff) Importer(815301076,1909f56bfc062723c751e8b465ee728b)
Start importing Assets/PostProcessing Profiles/Luts/RussianLUT_32.png using Guid(26babcb5b387f6b438daf67b70fcafff) Importer(815301076,1909f56bfc062723c751e8b465ee728b)  -> (artifact id: 'd32d6384ac13829e3807dc286cdfbfaa') in 0.016501 seconds 
========================================================================
Received Import Request.
  Time since last request: 0.000053 seconds.
  path: Assets/PostProcessing Profiles/Luts/Movie6LUT_32.png
  artifactKey: Guid(2b10b96cd355d004e8818901fbbb8187) Importer(815301076,1909f56bfc062723c751e8b465ee728b)
Start importing Assets/PostProcessing Profiles/Luts/Movie6LUT_32.png using Guid(2b10b96cd355d004e8818901fbbb8187) Importer(815301076,1909f56bfc062723c751e8b465ee728b)  -> (artifact id: 'c0a69b46ce3ee87778d037d8718d5d2d') in 0.010675 seconds 
========================================================================
Received Import Request.
  Time since last request: 0.000040 seconds.
  path: Assets/PostProcessing Profiles/Luts/NeutralLUT.png
  artifactKey: Guid(f908f50288773df45939184509b6ee7a) Importer(815301076,1909f56bfc062723c751e8b465ee728b)
Start importing Assets/PostProcessing Profiles/Luts/NeutralLUT.png using Guid(f908f50288773df45939184509b6ee7a) Importer(815301076,1909f56bfc062723c751e8b465ee728b)  -> (artifact id: '8d0615e4298631bf94902406d6683655') in 0.017941 seconds 
========================================================================
Received Import Request.
  Time since last request: 0.000202 seconds.
  path: Assets/PostProcessing Profiles/Luts/MovieLUT_32.png
  artifactKey: Guid(c69fcc884b9e70a4f997836a84ac9909) Importer(815301076,1909f56bfc062723c751e8b465ee728b)
Start importing Assets/PostProcessing Profiles/Luts/MovieLUT_32.png using Guid(c69fcc884b9e70a4f997836a84ac9909) Importer(815301076,1909f56bfc062723c751e8b465ee728b)  -> (artifact id: 'e41934ea1e70bedfd1ad4bab38148f0f') in 0.028917 seconds 
========================================================================
Received Import Request.
  Time since last request: 0.000048 seconds.
  path: Assets/PostProcessing Profiles/Luts/movie4LUT_32.png
  artifactKey: Guid(2b698f1b5f9aa944899012a28b478cae) Importer(815301076,1909f56bfc062723c751e8b465ee728b)
Start importing Assets/PostProcessing Profiles/Luts/movie4LUT_32.png using Guid(2b698f1b5f9aa944899012a28b478cae) Importer(815301076,1909f56bfc062723c751e8b465ee728b)  -> (artifact id: '68ad1ea1c398478091a96b0a533ba20d') in 0.015131 seconds 
========================================================================
Received Import Request.
  Time since last request: 0.000047 seconds.
  path: Assets/PostProcessing Profiles/Luts/ViceLUT_32.png
  artifactKey: Guid(fb7abafb89d678e4e955087a3550a023) Importer(815301076,1909f56bfc062723c751e8b465ee728b)
Start importing Assets/PostProcessing Profiles/Luts/ViceLUT_32.png using Guid(fb7abafb89d678e4e955087a3550a023) Importer(815301076,1909f56bfc062723c751e8b465ee728b)  -> (artifact id: '2054adb19c758c2099e4396af68945b1') in 0.027299 seconds 
========================================================================
Received Import Request.
  Time since last request: 1.794994 seconds.
  path: Assets/PostProcessing Profiles/Luts/Aqua_LUT_32.png
  artifactKey: Guid(5fb27569bd488d44da91e58c3f09a063) Importer(815301076,1909f56bfc062723c751e8b465ee728b)
Start importing Assets/PostProcessing Profiles/Luts/Aqua_LUT_32.png using Guid(5fb27569bd488d44da91e58c3f09a063) Importer(815301076,1909f56bfc062723c751e8b465ee728b)  -> (artifact id: '0b25d3d8ba5de928b61ba20262f0440c') in 0.015051 seconds 
========================================================================
Received Import Request.
  Time since last request: 0.000048 seconds.
  path: Assets/PostProcessing Profiles/Luts/Horror2LUT_32.png
  artifactKey: Guid(3ae01bc4fcb67274582f6d61be50ed43) Importer(815301076,1909f56bfc062723c751e8b465ee728b)
Start importing Assets/PostProcessing Profiles/Luts/Horror2LUT_32.png using Guid(3ae01bc4fcb67274582f6d61be50ed43) Importer(815301076,1909f56bfc062723c751e8b465ee728b)  -> (artifact id: '21642c3b200793c829015a917c0993dc') in 0.012419 seconds 
========================================================================
Received Import Request.
  Time since last request: 0.000034 seconds.
  path: Assets/PostProcessing Profiles/Luts/DarkLUT_32.png
  artifactKey: Guid(c3c39d20658041944b7980a7a21ec5d6) Importer(815301076,1909f56bfc062723c751e8b465ee728b)
Start importing Assets/PostProcessing Profiles/Luts/DarkLUT_32.png using Guid(c3c39d20658041944b7980a7a21ec5d6) Importer(815301076,1909f56bfc062723c751e8b465ee728b)  -> (artifact id: 'd681b6b662c6dc67efca4f7f073cffac') in 0.016324 seconds 
========================================================================
Received Import Request.
  Time since last request: 0.000040 seconds.
  path: Assets/PostProcessing Profiles/Luts/horror_LUT.png
  artifactKey: Guid(6ece7d54efd9cad44828a82e920d64ae) Importer(815301076,1909f56bfc062723c751e8b465ee728b)
Start importing Assets/PostProcessing Profiles/Luts/horror_LUT.png using Guid(6ece7d54efd9cad44828a82e920d64ae) Importer(815301076,1909f56bfc062723c751e8b465ee728b)  -> (artifact id: '84b10bb9743a54a00908d5db51625f3e') in 0.018802 seconds 
========================================================================
Received Import Request.
  Time since last request: 0.000028 seconds.
  path: Assets/PostProcessing Profiles/Luts/AutumnLUT_32.png
  artifactKey: Guid(57863826664884e46b1672bd8959eb6b) Importer(815301076,1909f56bfc062723c751e8b465ee728b)
Start importing Assets/PostProcessing Profiles/Luts/AutumnLUT_32.png using Guid(57863826664884e46b1672bd8959eb6b) Importer(815301076,1909f56bfc062723c751e8b465ee728b)  -> (artifact id: '18ecfa181e9a0b8794214e822af0e4cc') in 0.015904 seconds 
========================================================================
Received Prepare
Switching render pipeline 00000000000000000000000000000000 -> 681886c5eb7344803b6206f758bf0b1c
Shader 'Custom/RainShader': fallback shader 'Particles/Alpha Blended' not found
Refreshing native plugins compatible for Editor in 8.65 ms, found 4 plugins.
Preloading 0 native plugins for Editor in 0.00 ms.
Unloading 81 Unused Serialized files (Serialized files now loaded: 0)
Unloading 31 unused Assets / (0.7 MB). Loaded Objects now: 6085.
Memory consumption went from 128.9 MB to 128.2 MB.
Total: 78.831800 ms (FindLiveObjects: 0.412500 ms CreateObjectMapping: 0.258500 ms MarkObjects: 77.726500 ms  DeleteObjects: 0.433100 ms)

AssetImportParameters requested are different than current active one (requested -> active):
  custom:video-decoder-ogg-theora: a1e56fd34408186e4bbccfd4996cb3dc -> 
  custom:container-muxer-webm: aa71ff27fc2769a1b78a27578f13a17b -> 
  custom:container-demuxer-webm: 4f35f7cbe854078d1ac9338744f61a02 -> 
  custom:video-encoder-webm-vp8: eb34c28f22e8b96e1ab97ce403110664 -> 
  custom:video-codec-MediaFoundation-h265: 746d11721c4dcdbdad8f713fa42b33f4 -> 
  custom:audio-encoder-webm-vorbis: bf7c407c2cedff20999df2af8eb42d56 -> 
  custom:framework-win-MediaFoundation: 216162199b28c13a410421893ffa2e32 -> 
  custom:container-demuxer-ogg: 62fdf1f143b41e24485cea50d1cbac27 -> 
  custom:video-decoder-webm-vp8: 9c59270c3fd7afecdb556c50c9e8de78 -> 
  custom:audio-decoder-ogg-vorbis: bf7c407c2cedff20999df2af8eb42d56 -> 
========================================================================
Received Prepare
Registering precompiled user dll's ...
Registered in 0.008295 seconds.
Begin MonoManager ReloadAssembly
Symbol file LoadedFromMemory doesn't match image C:\Users\volem\Phia sau cau vong prototype\Library\PackageCache\com.unity.visualscripting@1.7.8\Editor\VisualScripting.Core\Dependencies\YamlDotNet\Unity.VisualScripting.YamlDotNet.dll
Symbol file LoadedFromMemory doesn't match image C:\Users\volem\Phia sau cau vong prototype\Library\PackageCache\com.unity.visualscripting@1.7.8\Editor\VisualScripting.Core\Dependencies\DotNetZip\Unity.VisualScripting.IonicZip.dll
Native extension for WindowsStandalone target not found
Refreshing native plugins compatible for Editor in 1.34 ms, found 4 plugins.
Preloading 0 native plugins for Editor in 0.00 ms.
Mono: successfully reloaded assembly
- Completed reload, in  4.249 seconds
Domain Reload Profiling:
	ReloadAssembly (4253ms)
		BeginReloadAssembly (721ms)
			ExecutionOrderSort (0ms)
			DisableScriptedObjects (63ms)
			BackupInstance (0ms)
			ReleaseScriptingObjects (0ms)
			CreateAndSetChildDomain (362ms)
		EndReloadAssembly (3050ms)
			LoadAssemblies (308ms)
			RebuildTransferFunctionScriptingTraits (0ms)
			SetupTypeCache (1427ms)
				TypeCache.Initialize (1407ms)
					TypeCache.ScanAssembly (1386ms)
				ResolveRequiredComponents (19ms)
			ReleaseScriptCaches (4ms)
			RebuildScriptCaches (127ms)
			SetupLoadedEditorAssemblies (940ms)
				LogAssemblyErrors (0ms)
				InitializePlatformSupportModulesInManaged (19ms)
				SetLoadedEditorAssemblies (9ms)
				RefreshPlugins (1ms)
				BeforeProcessingInitializeOnLoad (175ms)
				ProcessInitializeOnLoadAttributes (521ms)
				ProcessInitializeOnLoadMethodAttributes (209ms)
				AfterProcessingInitializeOnLoad (5ms)
				EditorAssembliesLoaded (0ms)
			ExecutionOrderSort2 (0ms)
			AwakeInstancesAfterBackupRestoration (31ms)
Platform modules already initialized, skipping
OnLevelWasLoaded was found on StaticCanvas
This message has been deprecated and will be removed in a later version of Unity.
Add a delegate to SceneManager.sceneLoaded instead to get notifications after scene loading has completed
OnLevelWasLoaded was found on SettingsManager
This message has been deprecated and will be removed in a later version of Unity.
Add a delegate to SceneManager.sceneLoaded instead to get notifications after scene loading has completed
Switching render pipeline 00000000000000000000000000000000 -> 681886c5eb7344803b6206f758bf0b1c
Shader 'Custom/RainShader': fallback shader 'Particles/Alpha Blended' not found
Refreshing native plugins compatible for Editor in 2.86 ms, found 4 plugins.
Preloading 0 native plugins for Editor in 0.00 ms.
Unloading 5489 Unused Serialized files (Serialized files now loaded: 0)
Unloading 28 unused Assets / (318.7 KB). Loaded Objects now: 6126.
Memory consumption went from 0.85 GB to 0.85 GB.
Total: 6.524400 ms (FindLiveObjects: 0.786900 ms CreateObjectMapping: 0.774900 ms MarkObjects: 4.829900 ms  DeleteObjects: 0.130200 ms)

AssetImportParameters requested are different than current active one (requested -> active):
  custom:video-decoder-ogg-theora: a1e56fd34408186e4bbccfd4996cb3dc -> 
  custom:container-muxer-webm: aa71ff27fc2769a1b78a27578f13a17b -> 
  custom:container-demuxer-webm: 4f35f7cbe854078d1ac9338744f61a02 -> 
  custom:video-encoder-webm-vp8: eb34c28f22e8b96e1ab97ce403110664 -> 
  custom:video-codec-MediaFoundation-h265: 746d11721c4dcdbdad8f713fa42b33f4 -> 
  custom:audio-encoder-webm-vorbis: bf7c407c2cedff20999df2af8eb42d56 -> 
  custom:framework-win-MediaFoundation: 216162199b28c13a410421893ffa2e32 -> 
  custom:container-demuxer-ogg: 62fdf1f143b41e24485cea50d1cbac27 -> 
  custom:video-decoder-webm-vp8: 9c59270c3fd7afecdb556c50c9e8de78 -> 
  custom:audio-decoder-ogg-vorbis: bf7c407c2cedff20999df2af8eb42d56 -> 
========================================================================
Received Prepare
Registering precompiled user dll's ...
Registered in 0.017385 seconds.
Begin MonoManager ReloadAssembly
Symbol file LoadedFromMemory doesn't match image C:\Users\volem\Phia sau cau vong prototype\Library\PackageCache\com.unity.visualscripting@1.7.8\Editor\VisualScripting.Core\Dependencies\YamlDotNet\Unity.VisualScripting.YamlDotNet.dll
Symbol file LoadedFromMemory doesn't match image C:\Users\volem\Phia sau cau vong prototype\Library\PackageCache\com.unity.visualscripting@1.7.8\Editor\VisualScripting.Core\Dependencies\DotNetZip\Unity.VisualScripting.IonicZip.dll
Native extension for WindowsStandalone target not found
Refreshing native plugins compatible for Editor in 1.09 ms, found 4 plugins.
Preloading 0 native plugins for Editor in 0.00 ms.
Mono: successfully reloaded assembly
- Completed reload, in  2.552 seconds
Domain Reload Profiling:
	ReloadAssembly (2554ms)
		BeginReloadAssembly (297ms)
			ExecutionOrderSort (0ms)
			DisableScriptedObjects (21ms)
			BackupInstance (0ms)
			ReleaseScriptingObjects (0ms)
			CreateAndSetChildDomain (114ms)
		EndReloadAssembly (2099ms)
			LoadAssemblies (175ms)
			RebuildTransferFunctionScriptingTraits (0ms)
			SetupTypeCache (641ms)
				TypeCache.Initialize (624ms)
					TypeCache.ScanAssembly (614ms)
				ResolveRequiredComponents (18ms)
			ReleaseScriptCaches (5ms)
			RebuildScriptCaches (122ms)
			SetupLoadedEditorAssemblies (892ms)
				LogAssemblyErrors (0ms)
				InitializePlatformSupportModulesInManaged (17ms)
				SetLoadedEditorAssemblies (7ms)
				RefreshPlugins (1ms)
				BeforeProcessingInitializeOnLoad (204ms)
				ProcessInitializeOnLoadAttributes (427ms)
				ProcessInitializeOnLoadMethodAttributes (217ms)
				AfterProcessingInitializeOnLoad (18ms)
				EditorAssembliesLoaded (1ms)
			ExecutionOrderSort2 (0ms)
			AwakeInstancesAfterBackupRestoration (46ms)
Platform modules already initialized, skipping
OnLevelWasLoaded was found on StaticCanvas
This message has been deprecated and will be removed in a later version of Unity.
Add a delegate to SceneManager.sceneLoaded instead to get notifications after scene loading has completed
OnLevelWasLoaded was found on SettingsManager
This message has been deprecated and will be removed in a later version of Unity.
Add a delegate to SceneManager.sceneLoaded instead to get notifications after scene loading has completed
Switching render pipeline 00000000000000000000000000000000 -> 681886c5eb7344803b6206f758bf0b1c
Shader 'Custom/RainShader': fallback shader 'Particles/Alpha Blended' not found
Refreshing native plugins compatible for Editor in 2.97 ms, found 4 plugins.
Preloading 0 native plugins for Editor in 0.00 ms.
Unloading 5478 Unused Serialized files (Serialized files now loaded: 0)
Unloading 28 unused Assets / (317.8 KB). Loaded Objects now: 6130.
Memory consumption went from 0.85 GB to 0.85 GB.
Total: 11.378800 ms (FindLiveObjects: 0.630600 ms CreateObjectMapping: 0.407300 ms MarkObjects: 10.143200 ms  DeleteObjects: 0.194500 ms)

AssetImportParameters requested are different than current active one (requested -> active):
  custom:video-decoder-ogg-theora: a1e56fd34408186e4bbccfd4996cb3dc -> 
  custom:container-muxer-webm: aa71ff27fc2769a1b78a27578f13a17b -> 
  custom:container-demuxer-webm: 4f35f7cbe854078d1ac9338744f61a02 -> 
  custom:video-encoder-webm-vp8: eb34c28f22e8b96e1ab97ce403110664 -> 
  custom:video-codec-MediaFoundation-h265: 746d11721c4dcdbdad8f713fa42b33f4 -> 
  custom:audio-encoder-webm-vorbis: bf7c407c2cedff20999df2af8eb42d56 -> 
  custom:framework-win-MediaFoundation: 216162199b28c13a410421893ffa2e32 -> 
  custom:container-demuxer-ogg: 62fdf1f143b41e24485cea50d1cbac27 -> 
  custom:video-decoder-webm-vp8: 9c59270c3fd7afecdb556c50c9e8de78 -> 
  custom:audio-decoder-ogg-vorbis: bf7c407c2cedff20999df2af8eb42d56 -> 
========================================================================
Received Prepare
Registering precompiled user dll's ...
Registered in 0.009871 seconds.
Begin MonoManager ReloadAssembly
Symbol file LoadedFromMemory doesn't match image C:\Users\volem\Phia sau cau vong prototype\Library\PackageCache\com.unity.visualscripting@1.7.8\Editor\VisualScripting.Core\Dependencies\YamlDotNet\Unity.VisualScripting.YamlDotNet.dll
Symbol file LoadedFromMemory doesn't match image C:\Users\volem\Phia sau cau vong prototype\Library\PackageCache\com.unity.visualscripting@1.7.8\Editor\VisualScripting.Core\Dependencies\DotNetZip\Unity.VisualScripting.IonicZip.dll
Native extension for WindowsStandalone target not found
Refreshing native plugins compatible for Editor in 1.67 ms, found 4 plugins.
Preloading 0 native plugins for Editor in 0.00 ms.
Mono: successfully reloaded assembly
- Completed reload, in  2.181 seconds
Domain Reload Profiling:
	ReloadAssembly (2182ms)
		BeginReloadAssembly (164ms)
			ExecutionOrderSort (0ms)
			DisableScriptedObjects (7ms)
			BackupInstance (0ms)
			ReleaseScriptingObjects (0ms)
			CreateAndSetChildDomain (51ms)
		EndReloadAssembly (1848ms)
			LoadAssemblies (115ms)
			RebuildTransferFunctionScriptingTraits (0ms)
			SetupTypeCache (471ms)
				TypeCache.Initialize (450ms)
					TypeCache.ScanAssembly (440ms)
				ResolveRequiredComponents (21ms)
			ReleaseScriptCaches (4ms)
			RebuildScriptCaches (96ms)
			SetupLoadedEditorAssemblies (946ms)
				LogAssemblyErrors (0ms)
				InitializePlatformSupportModulesInManaged (13ms)
				SetLoadedEditorAssemblies (10ms)
				RefreshPlugins (2ms)
				BeforeProcessingInitializeOnLoad (116ms)
				ProcessInitializeOnLoadAttributes (572ms)
				ProcessInitializeOnLoadMethodAttributes (223ms)
				AfterProcessingInitializeOnLoad (10ms)
				EditorAssembliesLoaded (1ms)
			ExecutionOrderSort2 (0ms)
			AwakeInstancesAfterBackupRestoration (34ms)
Platform modules already initialized, skipping
OnLevelWasLoaded was found on StaticCanvas
This message has been deprecated and will be removed in a later version of Unity.
Add a delegate to SceneManager.sceneLoaded instead to get notifications after scene loading has completed
OnLevelWasLoaded was found on SettingsManager
This message has been deprecated and will be removed in a later version of Unity.
Add a delegate to SceneManager.sceneLoaded instead to get notifications after scene loading has completed
Switching render pipeline 00000000000000000000000000000000 -> 681886c5eb7344803b6206f758bf0b1c
Shader 'Custom/RainShader': fallback shader 'Particles/Alpha Blended' not found
Refreshing native plugins compatible for Editor in 2.62 ms, found 4 plugins.
Preloading 0 native plugins for Editor in 0.00 ms.
Unloading 5478 Unused Serialized files (Serialized files now loaded: 0)
Unloading 28 unused Assets / (317.8 KB). Loaded Objects now: 6134.
Memory consumption went from 0.85 GB to 0.85 GB.
Total: 4.072400 ms (FindLiveObjects: 0.367000 ms CreateObjectMapping: 0.222600 ms MarkObjects: 3.385700 ms  DeleteObjects: 0.096000 ms)

AssetImportParameters requested are different than current active one (requested -> active):
  custom:video-decoder-ogg-theora: a1e56fd34408186e4bbccfd4996cb3dc -> 
  custom:container-muxer-webm: aa71ff27fc2769a1b78a27578f13a17b -> 
  custom:container-demuxer-webm: 4f35f7cbe854078d1ac9338744f61a02 -> 
  custom:video-encoder-webm-vp8: eb34c28f22e8b96e1ab97ce403110664 -> 
  custom:video-codec-MediaFoundation-h265: 746d11721c4dcdbdad8f713fa42b33f4 -> 
  custom:audio-encoder-webm-vorbis: bf7c407c2cedff20999df2af8eb42d56 -> 
  custom:framework-win-MediaFoundation: 216162199b28c13a410421893ffa2e32 -> 
  custom:container-demuxer-ogg: 62fdf1f143b41e24485cea50d1cbac27 -> 
  custom:video-decoder-webm-vp8: 9c59270c3fd7afecdb556c50c9e8de78 -> 
  custom:audio-decoder-ogg-vorbis: bf7c407c2cedff20999df2af8eb42d56 -> 
========================================================================
Received Prepare
Registering precompiled user dll's ...
Registered in 0.005124 seconds.
Begin MonoManager ReloadAssembly
Symbol file LoadedFromMemory doesn't match image C:\Users\volem\Phia sau cau vong prototype\Library\PackageCache\com.unity.visualscripting@1.7.8\Editor\VisualScripting.Core\Dependencies\YamlDotNet\Unity.VisualScripting.YamlDotNet.dll
Symbol file LoadedFromMemory doesn't match image C:\Users\volem\Phia sau cau vong prototype\Library\PackageCache\com.unity.visualscripting@1.7.8\Editor\VisualScripting.Core\Dependencies\DotNetZip\Unity.VisualScripting.IonicZip.dll
Native extension for WindowsStandalone target not found
Refreshing native plugins compatible for Editor in 1.53 ms, found 4 plugins.
Preloading 0 native plugins for Editor in 0.00 ms.
Mono: successfully reloaded assembly
- Completed reload, in  3.321 seconds
Domain Reload Profiling:
	ReloadAssembly (3324ms)
		BeginReloadAssembly (959ms)
			ExecutionOrderSort (0ms)
			DisableScriptedObjects (87ms)
			BackupInstance (0ms)
			ReleaseScriptingObjects (1ms)
			CreateAndSetChildDomain (508ms)
		EndReloadAssembly (2101ms)
			LoadAssemblies (319ms)
			RebuildTransferFunctionScriptingTraits (0ms)
			SetupTypeCache (726ms)
				TypeCache.Initialize (700ms)
					TypeCache.ScanAssembly (681ms)
				ResolveRequiredComponents (26ms)
			ReleaseScriptCaches (3ms)
			RebuildScriptCaches (97ms)
			SetupLoadedEditorAssemblies (781ms)
				LogAssemblyErrors (0ms)
				InitializePlatformSupportModulesInManaged (18ms)
				SetLoadedEditorAssemblies (10ms)
				RefreshPlugins (2ms)
				BeforeProcessingInitializeOnLoad (104ms)
				ProcessInitializeOnLoadAttributes (431ms)
				ProcessInitializeOnLoadMethodAttributes (203ms)
				AfterProcessingInitializeOnLoad (14ms)
				EditorAssembliesLoaded (1ms)
			ExecutionOrderSort2 (0ms)
			AwakeInstancesAfterBackupRestoration (37ms)
Platform modules already initialized, skipping
OnLevelWasLoaded was found on StaticCanvas
This message has been deprecated and will be removed in a later version of Unity.
Add a delegate to SceneManager.sceneLoaded instead to get notifications after scene loading has completed
OnLevelWasLoaded was found on SettingsManager
This message has been deprecated and will be removed in a later version of Unity.
Add a delegate to SceneManager.sceneLoaded instead to get notifications after scene loading has completed
Switching render pipeline 00000000000000000000000000000000 -> 681886c5eb7344803b6206f758bf0b1c
Shader 'Custom/RainShader': fallback shader 'Particles/Alpha Blended' not found
Refreshing native plugins compatible for Editor in 4.55 ms, found 4 plugins.
Preloading 0 native plugins for Editor in 0.00 ms.
Unloading 5478 Unused Serialized files (Serialized files now loaded: 0)
Unloading 28 unused Assets / (318.8 KB). Loaded Objects now: 6138.
Memory consumption went from 0.85 GB to 0.85 GB.
Total: 7.382500 ms (FindLiveObjects: 0.420000 ms CreateObjectMapping: 0.309900 ms MarkObjects: 6.554700 ms  DeleteObjects: 0.096600 ms)

AssetImportParameters requested are different than current active one (requested -> active):
  custom:video-decoder-ogg-theora: a1e56fd34408186e4bbccfd4996cb3dc -> 
  custom:container-muxer-webm: aa71ff27fc2769a1b78a27578f13a17b -> 
  custom:container-demuxer-webm: 4f35f7cbe854078d1ac9338744f61a02 -> 
  custom:video-encoder-webm-vp8: eb34c28f22e8b96e1ab97ce403110664 -> 
  custom:video-codec-MediaFoundation-h265: 746d11721c4dcdbdad8f713fa42b33f4 -> 
  custom:audio-encoder-webm-vorbis: bf7c407c2cedff20999df2af8eb42d56 -> 
  custom:framework-win-MediaFoundation: 216162199b28c13a410421893ffa2e32 -> 
  custom:container-demuxer-ogg: 62fdf1f143b41e24485cea50d1cbac27 -> 
  custom:video-decoder-webm-vp8: 9c59270c3fd7afecdb556c50c9e8de78 -> 
  custom:audio-decoder-ogg-vorbis: bf7c407c2cedff20999df2af8eb42d56 -> 
========================================================================
Received Prepare
Registering precompiled user dll's ...
Registered in 0.013652 seconds.
Begin MonoManager ReloadAssembly
Symbol file LoadedFromMemory doesn't match image C:\Users\volem\Phia sau cau vong prototype\Library\PackageCache\com.unity.visualscripting@1.7.8\Editor\VisualScripting.Core\Dependencies\YamlDotNet\Unity.VisualScripting.YamlDotNet.dll
Symbol file LoadedFromMemory doesn't match image C:\Users\volem\Phia sau cau vong prototype\Library\PackageCache\com.unity.visualscripting@1.7.8\Editor\VisualScripting.Core\Dependencies\DotNetZip\Unity.VisualScripting.IonicZip.dll
Native extension for WindowsStandalone target not found
Refreshing native plugins compatible for Editor in 0.85 ms, found 4 plugins.
Preloading 0 native plugins for Editor in 0.00 ms.
Mono: successfully reloaded assembly
- Completed reload, in  1.239 seconds
Domain Reload Profiling:
	ReloadAssembly (1240ms)
		BeginReloadAssembly (160ms)
			ExecutionOrderSort (0ms)
			DisableScriptedObjects (7ms)
			BackupInstance (0ms)
			ReleaseScriptingObjects (0ms)
			CreateAndSetChildDomain (43ms)
		EndReloadAssembly (996ms)
			LoadAssemblies (159ms)
			RebuildTransferFunctionScriptingTraits (0ms)
			SetupTypeCache (263ms)
				TypeCache.Initialize (231ms)
					TypeCache.ScanAssembly (222ms)
				ResolveRequiredComponents (33ms)
			ReleaseScriptCaches (5ms)
			RebuildScriptCaches (95ms)
			SetupLoadedEditorAssemblies (369ms)
				LogAssemblyErrors (0ms)
				InitializePlatformSupportModulesInManaged (9ms)
				SetLoadedEditorAssemblies (6ms)
				RefreshPlugins (1ms)
				BeforeProcessingInitializeOnLoad (75ms)
				ProcessInitializeOnLoadAttributes (199ms)
				ProcessInitializeOnLoadMethodAttributes (76ms)
				AfterProcessingInitializeOnLoad (4ms)
				EditorAssembliesLoaded (0ms)
			ExecutionOrderSort2 (0ms)
			AwakeInstancesAfterBackupRestoration (11ms)
Platform modules already initialized, skipping
OnLevelWasLoaded was found on StaticCanvas
This message has been deprecated and will be removed in a later version of Unity.
Add a delegate to SceneManager.sceneLoaded instead to get notifications after scene loading has completed
OnLevelWasLoaded was found on SettingsManager
This message has been deprecated and will be removed in a later version of Unity.
Add a delegate to SceneManager.sceneLoaded instead to get notifications after scene loading has completed
Switching render pipeline 00000000000000000000000000000000 -> 681886c5eb7344803b6206f758bf0b1c
Shader 'Custom/RainShader': fallback shader 'Particles/Alpha Blended' not found
Refreshing native plugins compatible for Editor in 4.81 ms, found 4 plugins.
Preloading 0 native plugins for Editor in 0.00 ms.
Unloading 5478 Unused Serialized files (Serialized files now loaded: 0)
Unloading 28 unused Assets / (317.7 KB). Loaded Objects now: 6142.
Memory consumption went from 0.85 GB to 0.85 GB.
Total: 4.653400 ms (FindLiveObjects: 0.615100 ms CreateObjectMapping: 0.425300 ms MarkObjects: 3.540500 ms  DeleteObjects: 0.071200 ms)

AssetImportParameters requested are different than current active one (requested -> active):
  custom:video-decoder-ogg-theora: a1e56fd34408186e4bbccfd4996cb3dc -> 
  custom:container-muxer-webm: aa71ff27fc2769a1b78a27578f13a17b -> 
  custom:container-demuxer-webm: 4f35f7cbe854078d1ac9338744f61a02 -> 
  custom:video-encoder-webm-vp8: eb34c28f22e8b96e1ab97ce403110664 -> 
  custom:video-codec-MediaFoundation-h265: 746d11721c4dcdbdad8f713fa42b33f4 -> 
  custom:audio-encoder-webm-vorbis: bf7c407c2cedff20999df2af8eb42d56 -> 
  custom:framework-win-MediaFoundation: 216162199b28c13a410421893ffa2e32 -> 
  custom:container-demuxer-ogg: 62fdf1f143b41e24485cea50d1cbac27 -> 
  custom:video-decoder-webm-vp8: 9c59270c3fd7afecdb556c50c9e8de78 -> 
  custom:audio-decoder-ogg-vorbis: bf7c407c2cedff20999df2af8eb42d56 -> 
========================================================================
Received Prepare
Registering precompiled user dll's ...
Registered in 0.003953 seconds.
Begin MonoManager ReloadAssembly
Symbol file LoadedFromMemory doesn't match image C:\Users\volem\Phia sau cau vong prototype\Library\PackageCache\com.unity.visualscripting@1.7.8\Editor\VisualScripting.Core\Dependencies\YamlDotNet\Unity.VisualScripting.YamlDotNet.dll
Symbol file LoadedFromMemory doesn't match image C:\Users\volem\Phia sau cau vong prototype\Library\PackageCache\com.unity.visualscripting@1.7.8\Editor\VisualScripting.Core\Dependencies\DotNetZip\Unity.VisualScripting.IonicZip.dll
Native extension for WindowsStandalone target not found
Refreshing native plugins compatible for Editor in 0.91 ms, found 4 plugins.
Preloading 0 native plugins for Editor in 0.00 ms.
Mono: successfully reloaded assembly
- Completed reload, in  1.154 seconds
Domain Reload Profiling:
	ReloadAssembly (1155ms)
		BeginReloadAssembly (114ms)
			ExecutionOrderSort (0ms)
			DisableScriptedObjects (6ms)
			BackupInstance (0ms)
			ReleaseScriptingObjects (0ms)
			CreateAndSetChildDomain (36ms)
		EndReloadAssembly (953ms)
			LoadAssemblies (71ms)
			RebuildTransferFunctionScriptingTraits (0ms)
			SetupTypeCache (247ms)
				TypeCache.Initialize (225ms)
					TypeCache.ScanAssembly (219ms)
				ResolveRequiredComponents (22ms)
			ReleaseScriptCaches (2ms)
			RebuildScriptCaches (72ms)
			SetupLoadedEditorAssemblies (439ms)
				LogAssemblyErrors (0ms)
				InitializePlatformSupportModulesInManaged (10ms)
				SetLoadedEditorAssemblies (7ms)
				RefreshPlugins (1ms)
				BeforeProcessingInitializeOnLoad (87ms)
				ProcessInitializeOnLoadAttributes (238ms)
				ProcessInitializeOnLoadMethodAttributes (90ms)
				AfterProcessingInitializeOnLoad (6ms)
				EditorAssembliesLoaded (0ms)
			ExecutionOrderSort2 (0ms)
			AwakeInstancesAfterBackupRestoration (16ms)
Platform modules already initialized, skipping
OnLevelWasLoaded was found on StaticCanvas
This message has been deprecated and will be removed in a later version of Unity.
Add a delegate to SceneManager.sceneLoaded instead to get notifications after scene loading has completed
OnLevelWasLoaded was found on SettingsManager
This message has been deprecated and will be removed in a later version of Unity.
Add a delegate to SceneManager.sceneLoaded instead to get notifications after scene loading has completed
Switching render pipeline 00000000000000000000000000000000 -> 681886c5eb7344803b6206f758bf0b1c
Shader 'Custom/RainShader': fallback shader 'Particles/Alpha Blended' not found
Refreshing native plugins compatible for Editor in 2.19 ms, found 4 plugins.
Preloading 0 native plugins for Editor in 0.00 ms.
Unloading 5478 Unused Serialized files (Serialized files now loaded: 0)
Unloading 28 unused Assets / (317.8 KB). Loaded Objects now: 6146.
Memory consumption went from 0.85 GB to 0.85 GB.
Total: 3.562500 ms (FindLiveObjects: 0.368500 ms CreateObjectMapping: 0.291100 ms MarkObjects: 2.795800 ms  DeleteObjects: 0.106000 ms)

AssetImportParameters requested are different than current active one (requested -> active):
  custom:video-decoder-ogg-theora: a1e56fd34408186e4bbccfd4996cb3dc -> 
  custom:container-muxer-webm: aa71ff27fc2769a1b78a27578f13a17b -> 
  custom:container-demuxer-webm: 4f35f7cbe854078d1ac9338744f61a02 -> 
  custom:video-encoder-webm-vp8: eb34c28f22e8b96e1ab97ce403110664 -> 
  custom:video-codec-MediaFoundation-h265: 746d11721c4dcdbdad8f713fa42b33f4 -> 
  custom:audio-encoder-webm-vorbis: bf7c407c2cedff20999df2af8eb42d56 -> 
  custom:framework-win-MediaFoundation: 216162199b28c13a410421893ffa2e32 -> 
  custom:container-demuxer-ogg: 62fdf1f143b41e24485cea50d1cbac27 -> 
  custom:video-decoder-webm-vp8: 9c59270c3fd7afecdb556c50c9e8de78 -> 
  custom:audio-decoder-ogg-vorbis: bf7c407c2cedff20999df2af8eb42d56 -> 
========================================================================
Received Prepare
Registering precompiled user dll's ...
Registered in 0.005908 seconds.
Begin MonoManager ReloadAssembly
Symbol file LoadedFromMemory doesn't match image C:\Users\volem\Phia sau cau vong prototype\Library\PackageCache\com.unity.visualscripting@1.7.8\Editor\VisualScripting.Core\Dependencies\YamlDotNet\Unity.VisualScripting.YamlDotNet.dll
Symbol file LoadedFromMemory doesn't match image C:\Users\volem\Phia sau cau vong prototype\Library\PackageCache\com.unity.visualscripting@1.7.8\Editor\VisualScripting.Core\Dependencies\DotNetZip\Unity.VisualScripting.IonicZip.dll
Native extension for WindowsStandalone target not found
Refreshing native plugins compatible for Editor in 1.59 ms, found 4 plugins.
Preloading 0 native plugins for Editor in 0.00 ms.
Mono: successfully reloaded assembly
- Completed reload, in  1.441 seconds
Domain Reload Profiling:
	ReloadAssembly (1442ms)
		BeginReloadAssembly (135ms)
			ExecutionOrderSort (0ms)
			DisableScriptedObjects (8ms)
			BackupInstance (0ms)
			ReleaseScriptingObjects (0ms)
			CreateAndSetChildDomain (47ms)
		EndReloadAssembly (1225ms)
			LoadAssemblies (84ms)
			RebuildTransferFunctionScriptingTraits (0ms)
			SetupTypeCache (448ms)
				TypeCache.Initialize (413ms)
					TypeCache.ScanAssembly (401ms)
				ResolveRequiredComponents (35ms)
			ReleaseScriptCaches (4ms)
			RebuildScriptCaches (82ms)
			SetupLoadedEditorAssemblies (461ms)
				LogAssemblyErrors (0ms)
				InitializePlatformSupportModulesInManaged (12ms)
				SetLoadedEditorAssemblies (9ms)
				RefreshPlugins (2ms)
				BeforeProcessingInitializeOnLoad (90ms)
				ProcessInitializeOnLoadAttributes (246ms)
				ProcessInitializeOnLoadMethodAttributes (98ms)
				AfterProcessingInitializeOnLoad (4ms)
				EditorAssembliesLoaded (1ms)
			ExecutionOrderSort2 (0ms)
			AwakeInstancesAfterBackupRestoration (15ms)
Platform modules already initialized, skipping
OnLevelWasLoaded was found on StaticCanvas
This message has been deprecated and will be removed in a later version of Unity.
Add a delegate to SceneManager.sceneLoaded instead to get notifications after scene loading has completed
OnLevelWasLoaded was found on SettingsManager
This message has been deprecated and will be removed in a later version of Unity.
Add a delegate to SceneManager.sceneLoaded instead to get notifications after scene loading has completed
Switching render pipeline 00000000000000000000000000000000 -> 681886c5eb7344803b6206f758bf0b1c
Shader 'Custom/RainShader': fallback shader 'Particles/Alpha Blended' not found
Refreshing native plugins compatible for Editor in 2.91 ms, found 4 plugins.
Preloading 0 native plugins for Editor in 0.00 ms.
Unloading 5478 Unused Serialized files (Serialized files now loaded: 0)
Unloading 28 unused Assets / (317.7 KB). Loaded Objects now: 6150.
Memory consumption went from 0.85 GB to 0.85 GB.
Total: 3.446800 ms (FindLiveObjects: 0.472700 ms CreateObjectMapping: 0.196400 ms MarkObjects: 2.707300 ms  DeleteObjects: 0.068600 ms)

AssetImportParameters requested are different than current active one (requested -> active):
  custom:video-decoder-ogg-theora: a1e56fd34408186e4bbccfd4996cb3dc -> 
  custom:container-muxer-webm: aa71ff27fc2769a1b78a27578f13a17b -> 
  custom:container-demuxer-webm: 4f35f7cbe854078d1ac9338744f61a02 -> 
  custom:video-encoder-webm-vp8: eb34c28f22e8b96e1ab97ce403110664 -> 
  custom:video-codec-MediaFoundation-h265: 746d11721c4dcdbdad8f713fa42b33f4 -> 
  custom:audio-encoder-webm-vorbis: bf7c407c2cedff20999df2af8eb42d56 -> 
  custom:framework-win-MediaFoundation: 216162199b28c13a410421893ffa2e32 -> 
  custom:container-demuxer-ogg: 62fdf1f143b41e24485cea50d1cbac27 -> 
  custom:video-decoder-webm-vp8: 9c59270c3fd7afecdb556c50c9e8de78 -> 
  custom:audio-decoder-ogg-vorbis: bf7c407c2cedff20999df2af8eb42d56 -> 
========================================================================
Received Prepare
Registering precompiled user dll's ...
Registered in 0.004743 seconds.
Begin MonoManager ReloadAssembly
Symbol file LoadedFromMemory doesn't match image C:\Users\volem\Phia sau cau vong prototype\Library\PackageCache\com.unity.visualscripting@1.7.8\Editor\VisualScripting.Core\Dependencies\YamlDotNet\Unity.VisualScripting.YamlDotNet.dll
Symbol file LoadedFromMemory doesn't match image C:\Users\volem\Phia sau cau vong prototype\Library\PackageCache\com.unity.visualscripting@1.7.8\Editor\VisualScripting.Core\Dependencies\DotNetZip\Unity.VisualScripting.IonicZip.dll
Native extension for WindowsStandalone target not found
Refreshing native plugins compatible for Editor in 1.63 ms, found 4 plugins.
Preloading 0 native plugins for Editor in 0.00 ms.
Mono: successfully reloaded assembly
- Completed reload, in  1.335 seconds
Domain Reload Profiling:
	ReloadAssembly (1336ms)
		BeginReloadAssembly (128ms)
			ExecutionOrderSort (0ms)
			DisableScriptedObjects (8ms)
			BackupInstance (0ms)
			ReleaseScriptingObjects (0ms)
			CreateAndSetChildDomain (45ms)
		EndReloadAssembly (1119ms)
			LoadAssemblies (71ms)
			RebuildTransferFunctionScriptingTraits (0ms)
			SetupTypeCache (290ms)
				TypeCache.Initialize (280ms)
					TypeCache.ScanAssembly (273ms)
				ResolveRequiredComponents (11ms)
			ReleaseScriptCaches (3ms)
			RebuildScriptCaches (74ms)
			SetupLoadedEditorAssemblies (540ms)
				LogAssemblyErrors (0ms)
				InitializePlatformSupportModulesInManaged (13ms)
				SetLoadedEditorAssemblies (9ms)
				RefreshPlugins (2ms)
				BeforeProcessingInitializeOnLoad (105ms)
				ProcessInitializeOnLoadAttributes (293ms)
				ProcessInitializeOnLoadMethodAttributes (112ms)
				AfterProcessingInitializeOnLoad (7ms)
				EditorAssembliesLoaded (0ms)
			ExecutionOrderSort2 (0ms)
			AwakeInstancesAfterBackupRestoration (18ms)
Platform modules already initialized, skipping
OnLevelWasLoaded was found on StaticCanvas
This message has been deprecated and will be removed in a later version of Unity.
Add a delegate to SceneManager.sceneLoaded instead to get notifications after scene loading has completed
OnLevelWasLoaded was found on SettingsManager
This message has been deprecated and will be removed in a later version of Unity.
Add a delegate to SceneManager.sceneLoaded instead to get notifications after scene loading has completed
Switching render pipeline 00000000000000000000000000000000 -> 681886c5eb7344803b6206f758bf0b1c
Shader 'Custom/RainShader': fallback shader 'Particles/Alpha Blended' not found
Refreshing native plugins compatible for Editor in 3.70 ms, found 4 plugins.
Preloading 0 native plugins for Editor in 0.00 ms.
Unloading 5478 Unused Serialized files (Serialized files now loaded: 0)
Unloading 28 unused Assets / (317.7 KB). Loaded Objects now: 6154.
Memory consumption went from 0.85 GB to 0.85 GB.
Total: 5.692400 ms (FindLiveObjects: 0.534500 ms CreateObjectMapping: 0.264600 ms MarkObjects: 4.536200 ms  DeleteObjects: 0.355600 ms)

AssetImportParameters requested are different than current active one (requested -> active):
  custom:video-decoder-ogg-theora: a1e56fd34408186e4bbccfd4996cb3dc -> 
  custom:container-muxer-webm: aa71ff27fc2769a1b78a27578f13a17b -> 
  custom:container-demuxer-webm: 4f35f7cbe854078d1ac9338744f61a02 -> 
  custom:video-encoder-webm-vp8: eb34c28f22e8b96e1ab97ce403110664 -> 
  custom:video-codec-MediaFoundation-h265: 746d11721c4dcdbdad8f713fa42b33f4 -> 
  custom:audio-encoder-webm-vorbis: bf7c407c2cedff20999df2af8eb42d56 -> 
  custom:framework-win-MediaFoundation: 216162199b28c13a410421893ffa2e32 -> 
  custom:container-demuxer-ogg: 62fdf1f143b41e24485cea50d1cbac27 -> 
  custom:video-decoder-webm-vp8: 9c59270c3fd7afecdb556c50c9e8de78 -> 
  custom:audio-decoder-ogg-vorbis: bf7c407c2cedff20999df2af8eb42d56 -> 
========================================================================
Received Import Request.
  Time since last request: 64730.440537 seconds.
  path: Assets/Backgrounds/New Scene
  artifactKey: Guid(8b9fd450d4917cb4eb45d8ac13f4f18b) Importer(815301076,1909f56bfc062723c751e8b465ee728b)
Start importing Assets/Backgrounds/New Scene using Guid(8b9fd450d4917cb4eb45d8ac13f4f18b) Importer(815301076,1909f56bfc062723c751e8b465ee728b)  -> (artifact id: 'b2ebcb4c5d02df0a43670a1e4b104574') in 0.348597 seconds 
========================================================================
Received Import Request.
  Time since last request: 2.112321 seconds.
  path: Assets/Backgrounds/New Scene.unity
  artifactKey: Guid(f5661c2d7683094498d27f032b2f53fb) Importer(815301076,1909f56bfc062723c751e8b465ee728b)
Start importing Assets/Backgrounds/New Scene.unity using Guid(f5661c2d7683094498d27f032b2f53fb) Importer(815301076,1909f56bfc062723c751e8b465ee728b)  -> (artifact id: '6713ffe0fc841ed4d77df87b6c9fac17') in 0.007645 seconds 
========================================================================
Received Import Request.
  Time since last request: 1.771005 seconds.
  path: Assets/Backgrounds/t.unity
  artifactKey: Guid(06c5509544cb01441b8b243b66c4f348) Importer(815301076,1909f56bfc062723c751e8b465ee728b)
Start importing Assets/Backgrounds/t.unity using Guid(06c5509544cb01441b8b243b66c4f348) Importer(815301076,1909f56bfc062723c751e8b465ee728b)  -> (artifact id: '0514ca562bb12cc2ea4a002e4d8f32b7') in 0.007735 seconds 
